SF:/Users/thanos/work/flyby/crates/flyby-core/src/error.rs
FN:141,_RINvMs_NtCscf8MsWp3cCb_10flyby_core5errorNtB5_5Error6configNtNtCs1OjIl8oxbrv_5alloc6string6StringECs6vtiqiiMncD_15flyby_simulator
FN:84,_RINvMs_NtCscf8MsWp3cCb_10flyby_core5errorNtB5_5Error3newNtNtCs1OjIl8oxbrv_5alloc6string6StringECshMj2EFajhOT_13flyby_storage
FN:93,_RINvMs_NtCscf8MsWp3cCb_10flyby_core5errorNtB5_5Error11with_sourceNtNtCs1OjIl8oxbrv_5alloc6string6StringNtNtNtCsg55jX0GwzBC_3std2io5error5ErrorEB7_
FN:84,_RINvMs_NtCscf8MsWp3cCb_10flyby_core5errorNtB5_5Error3newReEB7_
FN:141,_RINvMs_NtCscf8MsWp3cCb_10flyby_core5errorNtB5_5Error6configReEB7_
FN:210,_RNCNvXs4_NtCscf8MsWp3cCb_10flyby_core5errorNtB7_5ErrorNtNtCsl8K0bEFm1U0_4core5error5Error6source0B9_
FN:171,_RNvMs_NtCscf8MsWp3cCb_10flyby_core5errorNtB4_5Error4kind
FN:176,_RNvMs_NtCscf8MsWp3cCb_10flyby_core5errorNtB4_5Error7message
FN:51,_RNvXNtCscf8MsWp3cCb_10flyby_core5errorNtB2_9ErrorKindNtNtCsl8K0bEFm1U0_4core3fmt7Display3fmt
FN:182,_RNvXs0_NtCscf8MsWp3cCb_10flyby_core5errorNtB5_5ErrorNtNtCsl8K0bEFm1U0_4core5clone5Clone5clone
FN:193,_RNvXs1_NtCscf8MsWp3cCb_10flyby_core5errorNtB5_5ErrorNtNtCsl8K0bEFm1U0_4core3cmp9PartialEq2eq
FN:201,_RNvXs3_NtCscf8MsWp3cCb_10flyby_core5errorNtB5_5ErrorNtNtCsl8K0bEFm1U0_4core3fmt7Display3fmt
FN:207,_RNvXs4_NtCscf8MsWp3cCb_10flyby_core5errorNtB5_5ErrorNtNtCsl8K0bEFm1U0_4core5error5Error6source
FN:215,_RNvXs5_NtCscf8MsWp3cCb_10flyby_core5errorNtB5_5ErrorINtNtCsl8K0bEFm1U0_4core7convert4FromNtNtNtCsg55jX0GwzBC_3std2io5error5ErrorE4from
FN:156,_RINvMs_NtCscf8MsWp3cCb_10flyby_core5errorNtB5_5Error9lifecycleReECs47HsRTND2zd_11file_source
FN:116,_RINvMs_NtCscf8MsWp3cCb_10flyby_core5errorNtB5_5Error13back_pressureReECsggT0ekrhFaK_5flyby
FN:111,_RINvMs_NtCscf8MsWp3cCb_10flyby_core5errorNtB5_5Error4sinkNtNtCs1OjIl8oxbrv_5alloc6string6StringECsggT0ekrhFaK_5flyby
FN:111,_RINvMs_NtCscf8MsWp3cCb_10flyby_core5errorNtB5_5Error4sinkReECsggT0ekrhFaK_5flyby
FN:141,_RINvMs_NtCscf8MsWp3cCb_10flyby_core5errorNtB5_5Error6configNtNtCs1OjIl8oxbrv_5alloc6string6StringECsggT0ekrhFaK_5flyby
FN:131,_RINvMs_NtCscf8MsWp3cCb_10flyby_core5errorNtB5_5Error9placementNtNtCs1OjIl8oxbrv_5alloc6string6StringECsggT0ekrhFaK_5flyby
FN:156,_RINvMs_NtCscf8MsWp3cCb_10flyby_core5errorNtB5_5Error9lifecycleReECslaj7P7CWVfX_9flyby_net
FN:126,_RINvMs_NtCscf8MsWp3cCb_10flyby_core5errorNtB5_5Error6encodeReECseHB1QHhtQVt_12flyby_memory
FN:171,_RNvMs_NtCs9vRHrQZiaEo_10flyby_core5errorNtB4_5Error4kind
FN:51,_RNvXNtCs9vRHrQZiaEo_10flyby_core5errorNtB2_9ErrorKindNtNtCsl8K0bEFm1U0_4core3fmt7Display3fmt
FN:201,_RNvXs3_NtCs9vRHrQZiaEo_10flyby_core5errorNtB5_5ErrorNtNtCsl8K0bEFm1U0_4core3fmt7Display3fmt
FN:207,_RNvXs4_NtCs9vRHrQZiaEo_10flyby_core5errorNtB5_5ErrorNtNtCsl8K0bEFm1U0_4core5error5Error6source
FN:215,_RNvXs5_NtCs9vRHrQZiaEo_10flyby_core5errorNtB5_5ErrorINtNtCsl8K0bEFm1U0_4core7convert4FromNtNtNtCsg55jX0GwzBC_3std2io5error5ErrorE4from
FN:136,_RINvMs_NtCs9vRHrQZiaEo_10flyby_core5errorNtB5_5Error10preprocesspEB7_
FN:116,_RINvMs_NtCs9vRHrQZiaEo_10flyby_core5errorNtB5_5Error13back_pressurepEB7_
FN:146,_RINvMs_NtCs9vRHrQZiaEo_10flyby_core5errorNtB5_5Error19feature_not_enabledpEB7_
FN:161,_RINvMs_NtCs9vRHrQZiaEo_10flyby_core5errorNtB5_5Error2iopEB7_
FN:111,_RINvMs_NtCs9vRHrQZiaEo_10flyby_core5errorNtB5_5Error4sinkpEB7_
FN:166,_RINvMs_NtCs9vRHrQZiaEo_10flyby_core5errorNtB5_5Error5otherpEB7_
FN:121,_RINvMs_NtCs9vRHrQZiaEo_10flyby_core5errorNtB5_5Error6decodepEB7_
FN:126,_RINvMs_NtCs9vRHrQZiaEo_10flyby_core5errorNtB5_5Error6encodepEB7_
FN:156,_RINvMs_NtCs9vRHrQZiaEo_10flyby_core5errorNtB5_5Error9lifecyclepEB7_
FN:131,_RINvMs_NtCs9vRHrQZiaEo_10flyby_core5errorNtB5_5Error9placementpEB7_
FN:176,_RNvMs_NtCs9vRHrQZiaEo_10flyby_core5errorNtB4_5Error7message
FN:182,_RNvXs0_NtCs9vRHrQZiaEo_10flyby_core5errorNtB5_5ErrorNtNtCsl8K0bEFm1U0_4core5clone5Clone5clone
FN:193,_RNvXs1_NtCs9vRHrQZiaEo_10flyby_core5errorNtB5_5ErrorNtNtCsl8K0bEFm1U0_4core3cmp9PartialEq2eq
FN:254,_RNvNtNtCs9vRHrQZiaEo_10flyby_core5error5testss_22not_implemented_helper
FN:233,_RNvNtNtCs9vRHrQZiaEo_10flyby_core5error5testss_30display_uses_stable_kind_label
FN:239,_RNvNtNtCs9vRHrQZiaEo_10flyby_core5error5testss_30from_io_preserves_source_chain
FN:247,_RNvNtNtCs9vRHrQZiaEo_10flyby_core5error5testss_33would_block_maps_to_back_pressure
FN:93,_RINvMs_NtCs9vRHrQZiaEo_10flyby_core5errorNtB5_5Error11with_sourceNtNtCs1OjIl8oxbrv_5alloc6string6StringNtNtNtCsg55jX0GwzBC_3std2io5error5ErrorEB7_
FN:151,_RINvMs_NtCs9vRHrQZiaEo_10flyby_core5errorNtB5_5Error15not_implementedReEB7_
FN:84,_RINvMs_NtCs9vRHrQZiaEo_10flyby_core5errorNtB5_5Error3newReEB7_
FN:141,_RINvMs_NtCs9vRHrQZiaEo_10flyby_core5errorNtB5_5Error6configReEB7_
FN:106,_RINvMs_NtCs9vRHrQZiaEo_10flyby_core5errorNtB5_5Error6sourceReEB7_
FN:210,_RNCNvXs4_NtCs9vRHrQZiaEo_10flyby_core5errorNtB7_5ErrorNtNtCsl8K0bEFm1U0_4core5error5Error6source0B9_
FN:116,_RINvMs_NtCscf8MsWp3cCb_10flyby_core5errorNtB5_5Error13back_pressureReECs4YFPOoCgYDP_12flyby_memory
FN:84,_RINvMs_NtCscf8MsWp3cCb_10flyby_core5errorNtB5_5Error3newNtNtCs1OjIl8oxbrv_5alloc6string6StringECs4YFPOoCgYDP_12flyby_memory
FN:111,_RINvMs_NtCscf8MsWp3cCb_10flyby_core5errorNtB5_5Error4sinkNtNtCs1OjIl8oxbrv_5alloc6string6StringECs4YFPOoCgYDP_12flyby_memory
FN:111,_RINvMs_NtCscf8MsWp3cCb_10flyby_core5errorNtB5_5Error4sinkReECs4YFPOoCgYDP_12flyby_memory
FN:126,_RINvMs_NtCscf8MsWp3cCb_10flyby_core5errorNtB5_5Error6encodeReECs4YFPOoCgYDP_12flyby_memory
FN:156,_RINvMs_NtCscf8MsWp3cCb_10flyby_core5errorNtB5_5Error9lifecycleReECsiazm9e7eIkx_9flyby_net
FN:141,_RINvMs_NtCscf8MsWp3cCb_10flyby_core5errorNtB5_5Error6configNtNtCs1OjIl8oxbrv_5alloc6string6StringECsgBpleClnEuB_15flyby_simulator
FN:84,_RINvMs_NtCscf8MsWp3cCb_10flyby_core5errorNtB5_5Error3newNtNtCs1OjIl8oxbrv_5alloc6string6StringECsaY8j7BoaK8w_13flyby_storage
FN:156,_RINvMs_NtCscf8MsWp3cCb_10flyby_core5errorNtB5_5Error9lifecycleReECsaY8j7BoaK8w_13flyby_storage
FN:156,_RINvMs_NtCscf8MsWp3cCb_10flyby_core5errorNtB5_5Error9lifecycleNtNtCs1OjIl8oxbrv_5alloc6string6StringECsip1xAQdcTWT_7runtime
FN:131,_RINvMs_NtCscf8MsWp3cCb_10flyby_core5errorNtB5_5Error9placementNtNtCs1OjIl8oxbrv_5alloc6string6StringECsip1xAQdcTWT_7runtime
FN:141,_RINvMs_NtCscf8MsWp3cCb_10flyby_core5errorNtB5_5Error6configNtNtCs1OjIl8oxbrv_5alloc6string6StringECseu8ThHmJ8jM_5flyby
FN:116,_RINvMs_NtCscf8MsWp3cCb_10flyby_core5errorNtB5_5Error13back_pressureReECs70JimhUohXZ_13shared_memory
FN:84,_RINvMs_NtCscf8MsWp3cCb_10flyby_core5errorNtB5_5Error3newNtNtCs1OjIl8oxbrv_5alloc6string6StringECs70JimhUohXZ_13shared_memory
FN:111,_RINvMs_NtCscf8MsWp3cCb_10flyby_core5errorNtB5_5Error4sinkNtNtCs1OjIl8oxbrv_5alloc6string6StringECs70JimhUohXZ_13shared_memory
FN:111,_RINvMs_NtCscf8MsWp3cCb_10flyby_core5errorNtB5_5Error4sinkReECs70JimhUohXZ_13shared_memory
FNDA:0,_RINvMs_NtCscf8MsWp3cCb_10flyby_core5errorNtB5_5Error6configNtNtCs1OjIl8oxbrv_5alloc6string6StringECs6vtiqiiMncD_15flyby_simulator
FNDA:8,_RINvMs_NtCscf8MsWp3cCb_10flyby_core5errorNtB5_5Error3newNtNtCs1OjIl8oxbrv_5alloc6string6StringECshMj2EFajhOT_13flyby_storage
FNDA:1,_RINvMs_NtCscf8MsWp3cCb_10flyby_core5errorNtB5_5Error11with_sourceNtNtCs1OjIl8oxbrv_5alloc6string6StringNtNtNtCsg55jX0GwzBC_3std2io5error5ErrorEB7_
FNDA:35,_RINvMs_NtCscf8MsWp3cCb_10flyby_core5errorNtB5_5Error3newReEB7_
FNDA:10,_RINvMs_NtCscf8MsWp3cCb_10flyby_core5errorNtB5_5Error6configReEB7_
FNDA:0,_RNCNvXs4_NtCscf8MsWp3cCb_10flyby_core5errorNtB7_5ErrorNtNtCsl8K0bEFm1U0_4core5error5Error6source0B9_
FNDA:17,_RNvMs_NtCscf8MsWp3cCb_10flyby_core5errorNtB4_5Error4kind
FNDA:0,_RNvMs_NtCscf8MsWp3cCb_10flyby_core5errorNtB4_5Error7message
FNDA:1,_RNvXNtCscf8MsWp3cCb_10flyby_core5errorNtB2_9ErrorKindNtNtCsl8K0bEFm1U0_4core3fmt7Display3fmt
FNDA:0,_RNvXs0_NtCscf8MsWp3cCb_10flyby_core5errorNtB5_5ErrorNtNtCsl8K0bEFm1U0_4core5clone5Clone5clone
FNDA:0,_RNvXs1_NtCscf8MsWp3cCb_10flyby_core5errorNtB5_5ErrorNtNtCsl8K0bEFm1U0_4core3cmp9PartialEq2eq
FNDA:1,_RNvXs3_NtCscf8MsWp3cCb_10flyby_core5errorNtB5_5ErrorNtNtCsl8K0bEFm1U0_4core3fmt7Display3fmt
FNDA:0,_RNvXs4_NtCscf8MsWp3cCb_10flyby_core5errorNtB5_5ErrorNtNtCsl8K0bEFm1U0_4core5error5Error6source
FNDA:0,_RNvXs5_NtCscf8MsWp3cCb_10flyby_core5errorNtB5_5ErrorINtNtCsl8K0bEFm1U0_4core7convert4FromNtNtNtCsg55jX0GwzBC_3std2io5error5ErrorE4from
FNDA:1,_RINvMs_NtCscf8MsWp3cCb_10flyby_core5errorNtB5_5Error9lifecycleReECs47HsRTND2zd_11file_source
FNDA:0,_RINvMs_NtCscf8MsWp3cCb_10flyby_core5errorNtB5_5Error13back_pressureReECsggT0ekrhFaK_5flyby
FNDA:0,_RINvMs_NtCscf8MsWp3cCb_10flyby_core5errorNtB5_5Error4sinkNtNtCs1OjIl8oxbrv_5alloc6string6StringECsggT0ekrhFaK_5flyby
FNDA:0,_RINvMs_NtCscf8MsWp3cCb_10flyby_core5errorNtB5_5Error4sinkReECsggT0ekrhFaK_5flyby
FNDA:0,_RINvMs_NtCscf8MsWp3cCb_10flyby_core5errorNtB5_5Error6configNtNtCs1OjIl8oxbrv_5alloc6string6StringECsggT0ekrhFaK_5flyby
FNDA:0,_RINvMs_NtCscf8MsWp3cCb_10flyby_core5errorNtB5_5Error9placementNtNtCs1OjIl8oxbrv_5alloc6string6StringECsggT0ekrhFaK_5flyby
FNDA:2,_RINvMs_NtCscf8MsWp3cCb_10flyby_core5errorNtB5_5Error9lifecycleReECslaj7P7CWVfX_9flyby_net
FNDA:0,_RINvMs_NtCscf8MsWp3cCb_10flyby_core5errorNtB5_5Error6encodeReECseHB1QHhtQVt_12flyby_memory
FNDA:3,_RNvMs_NtCs9vRHrQZiaEo_10flyby_core5errorNtB4_5Error4kind
FNDA:1,_RNvXNtCs9vRHrQZiaEo_10flyby_core5errorNtB2_9ErrorKindNtNtCsl8K0bEFm1U0_4core3fmt7Display3fmt
FNDA:1,_RNvXs3_NtCs9vRHrQZiaEo_10flyby_core5errorNtB5_5ErrorNtNtCsl8K0bEFm1U0_4core3fmt7Display3fmt
FNDA:1,_RNvXs4_NtCs9vRHrQZiaEo_10flyby_core5errorNtB5_5ErrorNtNtCsl8K0bEFm1U0_4core5error5Error6source
FNDA:2,_RNvXs5_NtCs9vRHrQZiaEo_10flyby_core5errorNtB5_5ErrorINtNtCsl8K0bEFm1U0_4core7convert4FromNtNtNtCsg55jX0GwzBC_3std2io5error5ErrorE4from
FNDA:0,_RINvMs_NtCs9vRHrQZiaEo_10flyby_core5errorNtB5_5Error10preprocesspEB7_
FNDA:0,_RINvMs_NtCs9vRHrQZiaEo_10flyby_core5errorNtB5_5Error13back_pressurepEB7_
FNDA:0,_RINvMs_NtCs9vRHrQZiaEo_10flyby_core5errorNtB5_5Error19feature_not_enabledpEB7_
FNDA:0,_RINvMs_NtCs9vRHrQZiaEo_10flyby_core5errorNtB5_5Error2iopEB7_
FNDA:0,_RINvMs_NtCs9vRHrQZiaEo_10flyby_core5errorNtB5_5Error4sinkpEB7_
FNDA:0,_RINvMs_NtCs9vRHrQZiaEo_10flyby_core5errorNtB5_5Error5otherpEB7_
FNDA:0,_RINvMs_NtCs9vRHrQZiaEo_10flyby_core5errorNtB5_5Error6decodepEB7_
FNDA:0,_RINvMs_NtCs9vRHrQZiaEo_10flyby_core5errorNtB5_5Error6encodepEB7_
FNDA:0,_RINvMs_NtCs9vRHrQZiaEo_10flyby_core5errorNtB5_5Error9lifecyclepEB7_
FNDA:0,_RINvMs_NtCs9vRHrQZiaEo_10flyby_core5errorNtB5_5Error9placementpEB7_
FNDA:0,_RNvMs_NtCs9vRHrQZiaEo_10flyby_core5errorNtB4_5Error7message
FNDA:0,_RNvXs0_NtCs9vRHrQZiaEo_10flyby_core5errorNtB5_5ErrorNtNtCsl8K0bEFm1U0_4core5clone5Clone5clone
FNDA:0,_RNvXs1_NtCs9vRHrQZiaEo_10flyby_core5errorNtB5_5ErrorNtNtCsl8K0bEFm1U0_4core3cmp9PartialEq2eq
FNDA:1,_RNvNtNtCs9vRHrQZiaEo_10flyby_core5error5testss_22not_implemented_helper
FNDA:1,_RNvNtNtCs9vRHrQZiaEo_10flyby_core5error5testss_30display_uses_stable_kind_label
FNDA:1,_RNvNtNtCs9vRHrQZiaEo_10flyby_core5error5testss_30from_io_preserves_source_chain
FNDA:1,_RNvNtNtCs9vRHrQZiaEo_10flyby_core5error5testss_33would_block_maps_to_back_pressure
FNDA:2,_RINvMs_NtCs9vRHrQZiaEo_10flyby_core5errorNtB5_5Error11with_sourceNtNtCs1OjIl8oxbrv_5alloc6string6StringNtNtNtCsg55jX0GwzBC_3std2io5error5ErrorEB7_
FNDA:1,_RINvMs_NtCs9vRHrQZiaEo_10flyby_core5errorNtB5_5Error15not_implementedReEB7_
FNDA:3,_RINvMs_NtCs9vRHrQZiaEo_10flyby_core5errorNtB5_5Error3newReEB7_
FNDA:1,_RINvMs_NtCs9vRHrQZiaEo_10flyby_core5errorNtB5_5Error6configReEB7_
FNDA:1,_RINvMs_NtCs9vRHrQZiaEo_10flyby_core5errorNtB5_5Error6sourceReEB7_
FNDA:1,_RNCNvXs4_NtCs9vRHrQZiaEo_10flyby_core5errorNtB7_5ErrorNtNtCsl8K0bEFm1U0_4core5error5Error6source0B9_
FNDA:1,_RINvMs_NtCscf8MsWp3cCb_10flyby_core5errorNtB5_5Error13back_pressureReECs4YFPOoCgYDP_12flyby_memory
FNDA:1,_RINvMs_NtCscf8MsWp3cCb_10flyby_core5errorNtB5_5Error3newNtNtCs1OjIl8oxbrv_5alloc6string6StringECs4YFPOoCgYDP_12flyby_memory
FNDA:1,_RINvMs_NtCscf8MsWp3cCb_10flyby_core5errorNtB5_5Error4sinkNtNtCs1OjIl8oxbrv_5alloc6string6StringECs4YFPOoCgYDP_12flyby_memory
FNDA:0,_RINvMs_NtCscf8MsWp3cCb_10flyby_core5errorNtB5_5Error4sinkReECs4YFPOoCgYDP_12flyby_memory
FNDA:1,_RINvMs_NtCscf8MsWp3cCb_10flyby_core5errorNtB5_5Error6encodeReECs4YFPOoCgYDP_12flyby_memory
FNDA:2,_RINvMs_NtCscf8MsWp3cCb_10flyby_core5errorNtB5_5Error9lifecycleReECsiazm9e7eIkx_9flyby_net
FNDA:0,_RINvMs_NtCscf8MsWp3cCb_10flyby_core5errorNtB5_5Error6configNtNtCs1OjIl8oxbrv_5alloc6string6StringECsgBpleClnEuB_15flyby_simulator
FNDA:4,_RINvMs_NtCscf8MsWp3cCb_10flyby_core5errorNtB5_5Error3newNtNtCs1OjIl8oxbrv_5alloc6string6StringECsaY8j7BoaK8w_13flyby_storage
FNDA:1,_RINvMs_NtCscf8MsWp3cCb_10flyby_core5errorNtB5_5Error9lifecycleReECsaY8j7BoaK8w_13flyby_storage
FNDA:0,_RINvMs_NtCscf8MsWp3cCb_10flyby_core5errorNtB5_5Error9lifecycleNtNtCs1OjIl8oxbrv_5alloc6string6StringECsip1xAQdcTWT_7runtime
FNDA:0,_RINvMs_NtCscf8MsWp3cCb_10flyby_core5errorNtB5_5Error9placementNtNtCs1OjIl8oxbrv_5alloc6string6StringECsip1xAQdcTWT_7runtime
FNDA:0,_RINvMs_NtCscf8MsWp3cCb_10flyby_core5errorNtB5_5Error6configNtNtCs1OjIl8oxbrv_5alloc6string6StringECseu8ThHmJ8jM_5flyby
FNDA:1,_RINvMs_NtCscf8MsWp3cCb_10flyby_core5errorNtB5_5Error13back_pressureReECs70JimhUohXZ_13shared_memory
FNDA:1,_RINvMs_NtCscf8MsWp3cCb_10flyby_core5errorNtB5_5Error3newNtNtCs1OjIl8oxbrv_5alloc6string6StringECs70JimhUohXZ_13shared_memory
FNDA:1,_RINvMs_NtCscf8MsWp3cCb_10flyby_core5errorNtB5_5Error4sinkNtNtCs1OjIl8oxbrv_5alloc6string6StringECs70JimhUohXZ_13shared_memory
FNDA:0,_RINvMs_NtCscf8MsWp3cCb_10flyby_core5errorNtB5_5Error4sinkReECs70JimhUohXZ_13shared_memory
FNF:28
FNH:19
DA:51,2
DA:52,2
DA:53,1
DA:54,0
DA:55,0
DA:56,0
DA:57,0
DA:58,0
DA:59,0
DA:60,1
DA:61,0
DA:62,0
DA:63,0
DA:64,0
DA:65,0
DA:67,2
DA:68,2
DA:84,52
DA:85,52
DA:86,52
DA:87,52
DA:88,52
DA:89,52
DA:90,52
DA:93,3
DA:94,3
DA:95,3
DA:96,3
DA:97,3
DA:98,3
DA:99,3
DA:100,3
DA:101,3
DA:102,3
DA:103,3
DA:106,1
DA:107,1
DA:108,1
DA:111,2
DA:112,2
DA:113,2
DA:116,2
DA:117,2
DA:118,2
DA:121,0
DA:122,0
DA:123,0
DA:126,1
DA:127,1
DA:128,1
DA:131,0
DA:132,0
DA:133,0
DA:136,0
DA:137,0
DA:138,0
DA:141,11
DA:142,11
DA:143,11
DA:146,0
DA:147,0
DA:148,0
DA:151,1
DA:152,1
DA:153,1
DA:156,6
DA:157,6
DA:158,6
DA:161,0
DA:162,0
DA:163,0
DA:166,0
DA:167,0
DA:168,0
DA:171,20
DA:172,20
DA:173,20
DA:176,0
DA:177,0
DA:178,0
DA:182,0
DA:183,0
DA:184,0
DA:185,0
DA:186,0
DA:187,0
DA:188,0
DA:189,0
DA:193,0
DA:194,0
DA:195,0
DA:201,2
DA:202,2
DA:203,2
DA:207,1
DA:208,1
DA:209,1
DA:210,1
DA:211,1
DA:215,2
DA:216,2
DA:217,1
DA:218,1
DA:220,2
DA:221,2
DA:222,2
DA:233,1
DA:234,1
DA:235,1
DA:236,1
DA:239,1
DA:240,1
DA:241,1
DA:242,1
DA:243,1
DA:244,1
DA:247,1
DA:248,1
DA:249,1
DA:250,1
DA:251,1
DA:254,1
DA:255,1
DA:256,1
DA:257,1
BRF:0
BRH:0
LF:126
LH:82
end_of_record
SF:/Users/thanos/work/flyby/crates/flyby-core/src/lifecycle.rs
FN:48,_RNvYINtCseHB1QHhtQVt_12flyby_memory16SharedMemorySinkNtB5_11StubMessageENtNtCscf8MsWp3cCb_10flyby_core9lifecycle9Lifecycle3runCsggT0ekrhFaK_5flyby
FN:48,_RNvYNtNtNtCsggT0ekrhFaK_5flyby8pipeline5tests11CollectSinkNtNtCscf8MsWp3cCb_10flyby_core9lifecycle9Lifecycle3runB8_
FN:40,_RNvYNtNtNtCsggT0ekrhFaK_5flyby8pipeline5tests11CollectSinkNtNtCscf8MsWp3cCb_10flyby_core9lifecycle9Lifecycle4initB8_
FN:57,_RNvYNtNtNtCsggT0ekrhFaK_5flyby8pipeline5tests11CollectSinkNtNtCscf8MsWp3cCb_10flyby_core9lifecycle9Lifecycle8shutdownB8_
FN:48,_RNvYpNtNtCs9vRHrQZiaEo_10flyby_core9lifecycle9Lifecycle3runB7_
FN:40,_RNvYpNtNtCs9vRHrQZiaEo_10flyby_core9lifecycle9Lifecycle4initB7_
FN:57,_RNvYpNtNtCs9vRHrQZiaEo_10flyby_core9lifecycle9Lifecycle8shutdownB7_
FN:48,_RNvYNtCsip1xAQdcTWT_7runtime12CountingSinkNtNtCscf8MsWp3cCb_10flyby_core9lifecycle9Lifecycle3runB4_
FN:40,_RNvYNtCsip1xAQdcTWT_7runtime12CountingSinkNtNtCscf8MsWp3cCb_10flyby_core9lifecycle9Lifecycle4initB4_
FN:57,_RNvYNtCsip1xAQdcTWT_7runtime12CountingSinkNtNtCscf8MsWp3cCb_10flyby_core9lifecycle9Lifecycle8shutdownB4_
FNDA:0,_RNvYINtCseHB1QHhtQVt_12flyby_memory16SharedMemorySinkNtB5_11StubMessageENtNtCscf8MsWp3cCb_10flyby_core9lifecycle9Lifecycle3runCsggT0ekrhFaK_5flyby
FNDA:0,_RNvYNtNtNtCsggT0ekrhFaK_5flyby8pipeline5tests11CollectSinkNtNtCscf8MsWp3cCb_10flyby_core9lifecycle9Lifecycle3runB8_
FNDA:1,_RNvYNtNtNtCsggT0ekrhFaK_5flyby8pipeline5tests11CollectSinkNtNtCscf8MsWp3cCb_10flyby_core9lifecycle9Lifecycle4initB8_
FNDA:1,_RNvYNtNtNtCsggT0ekrhFaK_5flyby8pipeline5tests11CollectSinkNtNtCscf8MsWp3cCb_10flyby_core9lifecycle9Lifecycle8shutdownB8_
FNDA:0,_RNvYpNtNtCs9vRHrQZiaEo_10flyby_core9lifecycle9Lifecycle3runB7_
FNDA:0,_RNvYpNtNtCs9vRHrQZiaEo_10flyby_core9lifecycle9Lifecycle4initB7_
FNDA:0,_RNvYpNtNtCs9vRHrQZiaEo_10flyby_core9lifecycle9Lifecycle8shutdownB7_
FNDA:0,_RNvYNtCsip1xAQdcTWT_7runtime12CountingSinkNtNtCscf8MsWp3cCb_10flyby_core9lifecycle9Lifecycle3runB4_
FNDA:8,_RNvYNtCsip1xAQdcTWT_7runtime12CountingSinkNtNtCscf8MsWp3cCb_10flyby_core9lifecycle9Lifecycle4initB4_
FNDA:8,_RNvYNtCsip1xAQdcTWT_7runtime12CountingSinkNtNtCscf8MsWp3cCb_10flyby_core9lifecycle9Lifecycle8shutdownB4_
FNF:3
FNH:2
DA:40,9
DA:41,9
DA:42,9
DA:48,0
DA:49,0
DA:50,0
DA:57,9
DA:58,9
DA:59,9
BRF:0
BRH:0
LF:9
LH:6
end_of_record
SF:/Users/thanos/work/flyby/crates/flyby-core/src/message.rs
FN:58,_RNvMs_NtCscf8MsWp3cCb_10flyby_core7messageNtB4_9Timestamp10from_nanos
FN:63,_RNvMs_NtCscf8MsWp3cCb_10flyby_core7messageNtB4_9Timestamp8as_nanos
FN:42,_RNvXNtCscf8MsWp3cCb_10flyby_core7messageNtB2_15DefaultSchemaIdNtB2_8SchemaId2id
FN:37,_RNvXNtCscf8MsWp3cCb_10flyby_core7messageNtB2_15DefaultSchemaIdNtB2_8SchemaId4name
FN:58,_RNvMs_NtCs9vRHrQZiaEo_10flyby_core7messageNtB4_9Timestamp10from_nanos
FN:63,_RNvMs_NtCs9vRHrQZiaEo_10flyby_core7messageNtB4_9Timestamp8as_nanos
FN:42,_RNvXNtCs9vRHrQZiaEo_10flyby_core7messageNtB2_15DefaultSchemaIdNtB2_8SchemaId2id
FN:37,_RNvXNtCs9vRHrQZiaEo_10flyby_core7messageNtB2_15DefaultSchemaIdNtB2_8SchemaId4name
FNDA:41,_RNvMs_NtCscf8MsWp3cCb_10flyby_core7messageNtB4_9Timestamp10from_nanos
FNDA:41,_RNvMs_NtCscf8MsWp3cCb_10flyby_core7messageNtB4_9Timestamp8as_nanos
FNDA:41,_RNvXNtCscf8MsWp3cCb_10flyby_core7messageNtB2_15DefaultSchemaIdNtB2_8SchemaId2id
FNDA:0,_RNvXNtCscf8MsWp3cCb_10flyby_core7messageNtB2_15DefaultSchemaIdNtB2_8SchemaId4name
FNDA:0,_RNvMs_NtCs9vRHrQZiaEo_10flyby_core7messageNtB4_9Timestamp10from_nanos
FNDA:0,_RNvMs_NtCs9vRHrQZiaEo_10flyby_core7messageNtB4_9Timestamp8as_nanos
FNDA:0,_RNvXNtCs9vRHrQZiaEo_10flyby_core7messageNtB2_15DefaultSchemaIdNtB2_8SchemaId2id
FNDA:0,_RNvXNtCs9vRHrQZiaEo_10flyby_core7messageNtB2_15DefaultSchemaIdNtB2_8SchemaId4name
FNF:4
FNH:3
DA:37,0
DA:39,0
DA:40,0
DA:42,41
DA:43,41
DA:44,41
DA:58,41
DA:59,41
DA:60,41
DA:63,41
DA:64,41
DA:65,41
BRF:0
BRH:0
LF:12
LH:9
end_of_record
SF:/Users/thanos/work/flyby/crates/flyby-core/src/metrics.rs
FN:55,_RNvYINtNtCs1OjIl8oxbrv_5alloc4sync3ArcDNtNtCscf8MsWp3cCb_10flyby_core7metrics16MetricsCollectorEL_EBB_12record_gaugeCs6vtiqiiMncD_15flyby_simulator
FN:55,_RNvYNtNtCscf8MsWp3cCb_10flyby_core7metrics13NullCollectorNtB4_16MetricsCollector12record_gaugeCslaj7P7CWVfX_9flyby_net
FN:50,_RNvYNtNtCscf8MsWp3cCb_10flyby_core7metrics13NullCollectorNtB4_16MetricsCollector14record_counterCslaj7P7CWVfX_9flyby_net
FN:60,_RNvYNtNtCscf8MsWp3cCb_10flyby_core7metrics13NullCollectorNtB4_16MetricsCollector16record_histogramCslaj7P7CWVfX_9flyby_net
FN:50,_RNvYINtNtCs1OjIl8oxbrv_5alloc4sync3ArcDNtNtCscf8MsWp3cCb_10flyby_core7metrics16MetricsCollectorEL_EBB_14record_counterCslaj7P7CWVfX_9flyby_net
FN:60,_RNvYINtNtCs1OjIl8oxbrv_5alloc4sync3ArcDNtNtCscf8MsWp3cCb_10flyby_core7metrics16MetricsCollectorEL_EBB_16record_histogramCslaj7P7CWVfX_9flyby_net
FN:74,_RNvXs_NtCscf8MsWp3cCb_10flyby_core7metricsINtNtCs1OjIl8oxbrv_5alloc4sync3ArcDNtB4_16MetricsCollectorEL_EB1d_6record
FN:93,_RNvMs0_NtCscf8MsWp3cCb_10flyby_core7metricsNtB5_17CountingCollector3new
FN:98,_RNvMs0_NtCscf8MsWp3cCb_10flyby_core7metricsNtB5_17CountingCollector6shared
FN:70,_RNvXNtCscf8MsWp3cCb_10flyby_core7metricsNtB2_13NullCollectorNtB2_16MetricsCollector6record
FN:104,_RNvXs1_NtCscf8MsWp3cCb_10flyby_core7metricsNtB5_17CountingCollectorNtB5_16MetricsCollector6record
FN:55,_RNvYNtNtCscf8MsWp3cCb_10flyby_core7metrics13NullCollectorNtB4_16MetricsCollector12record_gaugeCs47HsRTND2zd_11file_source
FN:50,_RNvYNtNtCscf8MsWp3cCb_10flyby_core7metrics13NullCollectorNtB4_16MetricsCollector14record_counterCs47HsRTND2zd_11file_source
FN:60,_RNvYNtNtCscf8MsWp3cCb_10flyby_core7metrics13NullCollectorNtB4_16MetricsCollector16record_histogramCs47HsRTND2zd_11file_source
FN:50,_RNvYINtNtCs1OjIl8oxbrv_5alloc4sync3ArcDNtNtCscf8MsWp3cCb_10flyby_core7metrics16MetricsCollectorEL_EBB_14record_counterCs47HsRTND2zd_11file_source
FN:117,_RNvNtNtCs9vRHrQZiaEo_10flyby_core7metrics5testss_20null_collector_smoke
FN:125,_RNvNtNtCs9vRHrQZiaEo_10flyby_core7metrics5testss_23counting_collector_sums
FN:136,_RNvXNtNtCs9vRHrQZiaEo_10flyby_core7metrics5testsNtB2_7TestKeyNtB4_9MetricKey4name
FN:55,_RNvYNtNtCs9vRHrQZiaEo_10flyby_core7metrics13NullCollectorNtB4_16MetricsCollector12record_gaugeB6_
FN:50,_RNvYNtNtCs9vRHrQZiaEo_10flyby_core7metrics13NullCollectorNtB4_16MetricsCollector14record_counterB6_
FN:60,_RNvYNtNtCs9vRHrQZiaEo_10flyby_core7metrics13NullCollectorNtB4_16MetricsCollector16record_histogramB6_
FN:50,_RNvYNtNtCs9vRHrQZiaEo_10flyby_core7metrics17CountingCollectorNtB4_16MetricsCollector14record_counterB6_
FN:98,_RNvMs0_NtCs9vRHrQZiaEo_10flyby_core7metricsNtB5_17CountingCollector6shared
FN:74,_RNvXs_NtCs9vRHrQZiaEo_10flyby_core7metricsINtNtCs1OjIl8oxbrv_5alloc4sync3ArcDNtB4_16MetricsCollectorEL_EB1d_6record
FN:93,_RNvMs0_NtCs9vRHrQZiaEo_10flyby_core7metricsNtB5_17CountingCollector3new
FN:70,_RNvXNtCs9vRHrQZiaEo_10flyby_core7metricsNtB2_13NullCollectorNtB2_16MetricsCollector6record
FN:104,_RNvXs1_NtCs9vRHrQZiaEo_10flyby_core7metricsNtB5_17CountingCollectorNtB5_16MetricsCollector6record
FN:50,_RNvYINtNtCs1OjIl8oxbrv_5alloc4sync3ArcDNtNtCscf8MsWp3cCb_10flyby_core7metrics16MetricsCollectorEL_EBB_14record_counterCs4YFPOoCgYDP_12flyby_memory
FN:55,_RNvYNtNtCscf8MsWp3cCb_10flyby_core7metrics13NullCollectorNtB4_16MetricsCollector12record_gaugeCs4YFPOoCgYDP_12flyby_memory
FN:50,_RNvYNtNtCscf8MsWp3cCb_10flyby_core7metrics13NullCollectorNtB4_16MetricsCollector14record_counterCs4YFPOoCgYDP_12flyby_memory
FN:60,_RNvYNtNtCscf8MsWp3cCb_10flyby_core7metrics13NullCollectorNtB4_16MetricsCollector16record_histogramCs4YFPOoCgYDP_12flyby_memory
FN:55,_RNvYNtNtCscf8MsWp3cCb_10flyby_core7metrics13NullCollectorNtB4_16MetricsCollector12record_gaugeCsiazm9e7eIkx_9flyby_net
FN:50,_RNvYNtNtCscf8MsWp3cCb_10flyby_core7metrics13NullCollectorNtB4_16MetricsCollector14record_counterCsiazm9e7eIkx_9flyby_net
FN:60,_RNvYNtNtCscf8MsWp3cCb_10flyby_core7metrics13NullCollectorNtB4_16MetricsCollector16record_histogramCsiazm9e7eIkx_9flyby_net
FN:50,_RNvYINtNtCs1OjIl8oxbrv_5alloc4sync3ArcDNtNtCscf8MsWp3cCb_10flyby_core7metrics16MetricsCollectorEL_EBB_14record_counterCsiazm9e7eIkx_9flyby_net
FN:60,_RNvYINtNtCs1OjIl8oxbrv_5alloc4sync3ArcDNtNtCscf8MsWp3cCb_10flyby_core7metrics16MetricsCollectorEL_EBB_16record_histogramCsiazm9e7eIkx_9flyby_net
FN:55,_RNvYINtNtCs1OjIl8oxbrv_5alloc4sync3ArcDNtNtCscf8MsWp3cCb_10flyby_core7metrics16MetricsCollectorEL_EBB_12record_gaugeCsgBpleClnEuB_15flyby_simulator
FN:50,_RNvYINtNtCs1OjIl8oxbrv_5alloc4sync3ArcDNtNtCscf8MsWp3cCb_10flyby_core7metrics16MetricsCollectorEL_EBB_14record_counterCsaY8j7BoaK8w_13flyby_storage
FN:55,_RNvYNtNtCscf8MsWp3cCb_10flyby_core7metrics13NullCollectorNtB4_16MetricsCollector12record_gaugeCsaY8j7BoaK8w_13flyby_storage
FN:50,_RNvYNtNtCscf8MsWp3cCb_10flyby_core7metrics13NullCollectorNtB4_16MetricsCollector14record_counterCsaY8j7BoaK8w_13flyby_storage
FN:60,_RNvYNtNtCscf8MsWp3cCb_10flyby_core7metrics13NullCollectorNtB4_16MetricsCollector16record_histogramCsaY8j7BoaK8w_13flyby_storage
FN:55,_RNvYINtNtCs1OjIl8oxbrv_5alloc4sync3ArcDNtNtCscf8MsWp3cCb_10flyby_core7metrics16MetricsCollectorEL_EBB_12record_gaugeCsip1xAQdcTWT_7runtime
FN:55,_RNvYNtNtCscf8MsWp3cCb_10flyby_core7metrics17CountingCollectorNtB4_16MetricsCollector12record_gaugeCshkIP76xL6qM_9scenarios
FN:50,_RNvYNtNtCscf8MsWp3cCb_10flyby_core7metrics17CountingCollectorNtB4_16MetricsCollector14record_counterCshkIP76xL6qM_9scenarios
FN:60,_RNvYNtNtCscf8MsWp3cCb_10flyby_core7metrics17CountingCollectorNtB4_16MetricsCollector16record_histogramCshkIP76xL6qM_9scenarios
FN:55,_RNvYNtNtCscf8MsWp3cCb_10flyby_core7metrics13NullCollectorNtB4_16MetricsCollector12record_gaugeCs70JimhUohXZ_13shared_memory
FN:50,_RNvYNtNtCscf8MsWp3cCb_10flyby_core7metrics13NullCollectorNtB4_16MetricsCollector14record_counterCs70JimhUohXZ_13shared_memory
FN:60,_RNvYNtNtCscf8MsWp3cCb_10flyby_core7metrics13NullCollectorNtB4_16MetricsCollector16record_histogramCs70JimhUohXZ_13shared_memory
FN:50,_RNvYINtNtCs1OjIl8oxbrv_5alloc4sync3ArcDNtNtCscf8MsWp3cCb_10flyby_core7metrics16MetricsCollectorEL_EBB_14record_counterCs70JimhUohXZ_13shared_memory
FNDA:8030,_RNvYINtNtCs1OjIl8oxbrv_5alloc4sync3ArcDNtNtCscf8MsWp3cCb_10flyby_core7metrics16MetricsCollectorEL_EBB_12record_gaugeCs6vtiqiiMncD_15flyby_simulator
FNDA:0,_RNvYNtNtCscf8MsWp3cCb_10flyby_core7metrics13NullCollectorNtB4_16MetricsCollector12record_gaugeCslaj7P7CWVfX_9flyby_net
FNDA:76,_RNvYNtNtCscf8MsWp3cCb_10flyby_core7metrics13NullCollectorNtB4_16MetricsCollector14record_counterCslaj7P7CWVfX_9flyby_net
FNDA:0,_RNvYNtNtCscf8MsWp3cCb_10flyby_core7metrics13NullCollectorNtB4_16MetricsCollector16record_histogramCslaj7P7CWVfX_9flyby_net
FNDA:304712,_RNvYINtNtCs1OjIl8oxbrv_5alloc4sync3ArcDNtNtCscf8MsWp3cCb_10flyby_core7metrics16MetricsCollectorEL_EBB_14record_counterCslaj7P7CWVfX_9flyby_net
FNDA:19143,_RNvYINtNtCs1OjIl8oxbrv_5alloc4sync3ArcDNtNtCscf8MsWp3cCb_10flyby_core7metrics16MetricsCollectorEL_EBB_16record_histogramCslaj7P7CWVfX_9flyby_net
FNDA:332154,_RNvXs_NtCscf8MsWp3cCb_10flyby_core7metricsINtNtCs1OjIl8oxbrv_5alloc4sync3ArcDNtB4_16MetricsCollectorEL_EB1d_6record
FNDA:1,_RNvMs0_NtCscf8MsWp3cCb_10flyby_core7metricsNtB5_17CountingCollector3new
FNDA:1,_RNvMs0_NtCscf8MsWp3cCb_10flyby_core7metricsNtB5_17CountingCollector6shared
FNDA:332218,_RNvXNtCscf8MsWp3cCb_10flyby_core7metricsNtB2_13NullCollectorNtB2_16MetricsCollector6record
FNDA:12,_RNvXs1_NtCscf8MsWp3cCb_10flyby_core7metricsNtB5_17CountingCollectorNtB5_16MetricsCollector6record
FNDA:0,_RNvYNtNtCscf8MsWp3cCb_10flyby_core7metrics13NullCollectorNtB4_16MetricsCollector12record_gaugeCs47HsRTND2zd_11file_source
FNDA:0,_RNvYNtNtCscf8MsWp3cCb_10flyby_core7metrics13NullCollectorNtB4_16MetricsCollector14record_counterCs47HsRTND2zd_11file_source
FNDA:0,_RNvYNtNtCscf8MsWp3cCb_10flyby_core7metrics13NullCollectorNtB4_16MetricsCollector16record_histogramCs47HsRTND2zd_11file_source
FNDA:99,_RNvYINtNtCs1OjIl8oxbrv_5alloc4sync3ArcDNtNtCscf8MsWp3cCb_10flyby_core7metrics16MetricsCollectorEL_EBB_14record_counterCs47HsRTND2zd_11file_source
FNDA:1,_RNvNtNtCs9vRHrQZiaEo_10flyby_core7metrics5testss_20null_collector_smoke
FNDA:1,_RNvNtNtCs9vRHrQZiaEo_10flyby_core7metrics5testss_23counting_collector_sums
FNDA:0,_RNvXNtNtCs9vRHrQZiaEo_10flyby_core7metrics5testsNtB2_7TestKeyNtB4_9MetricKey4name
FNDA:1,_RNvYNtNtCs9vRHrQZiaEo_10flyby_core7metrics13NullCollectorNtB4_16MetricsCollector12record_gaugeB6_
FNDA:1,_RNvYNtNtCs9vRHrQZiaEo_10flyby_core7metrics13NullCollectorNtB4_16MetricsCollector14record_counterB6_
FNDA:1,_RNvYNtNtCs9vRHrQZiaEo_10flyby_core7metrics13NullCollectorNtB4_16MetricsCollector16record_histogramB6_
FNDA:2,_RNvYNtNtCs9vRHrQZiaEo_10flyby_core7metrics17CountingCollectorNtB4_16MetricsCollector14record_counterB6_
FNDA:0,_RNvMs0_NtCs9vRHrQZiaEo_10flyby_core7metricsNtB5_17CountingCollector6shared
FNDA:0,_RNvXs_NtCs9vRHrQZiaEo_10flyby_core7metricsINtNtCs1OjIl8oxbrv_5alloc4sync3ArcDNtB4_16MetricsCollectorEL_EB1d_6record
FNDA:1,_RNvMs0_NtCs9vRHrQZiaEo_10flyby_core7metricsNtB5_17CountingCollector3new
FNDA:3,_RNvXNtCs9vRHrQZiaEo_10flyby_core7metricsNtB2_13NullCollectorNtB2_16MetricsCollector6record
FNDA:2,_RNvXs1_NtCs9vRHrQZiaEo_10flyby_core7metricsNtB5_17CountingCollectorNtB5_16MetricsCollector6record
FNDA:17,_RNvYINtNtCs1OjIl8oxbrv_5alloc4sync3ArcDNtNtCscf8MsWp3cCb_10flyby_core7metrics16MetricsCollectorEL_EBB_14record_counterCs4YFPOoCgYDP_12flyby_memory
FNDA:0,_RNvYNtNtCscf8MsWp3cCb_10flyby_core7metrics13NullCollectorNtB4_16MetricsCollector12record_gaugeCs4YFPOoCgYDP_12flyby_memory
FNDA:0,_RNvYNtNtCscf8MsWp3cCb_10flyby_core7metrics13NullCollectorNtB4_16MetricsCollector14record_counterCs4YFPOoCgYDP_12flyby_memory
FNDA:0,_RNvYNtNtCscf8MsWp3cCb_10flyby_core7metrics13NullCollectorNtB4_16MetricsCollector16record_histogramCs4YFPOoCgYDP_12flyby_memory
FNDA:0,_RNvYNtNtCscf8MsWp3cCb_10flyby_core7metrics13NullCollectorNtB4_16MetricsCollector12record_gaugeCsiazm9e7eIkx_9flyby_net
FNDA:0,_RNvYNtNtCscf8MsWp3cCb_10flyby_core7metrics13NullCollectorNtB4_16MetricsCollector14record_counterCsiazm9e7eIkx_9flyby_net
FNDA:0,_RNvYNtNtCscf8MsWp3cCb_10flyby_core7metrics13NullCollectorNtB4_16MetricsCollector16record_histogramCsiazm9e7eIkx_9flyby_net
FNDA:73,_RNvYINtNtCs1OjIl8oxbrv_5alloc4sync3ArcDNtNtCscf8MsWp3cCb_10flyby_core7metrics16MetricsCollectorEL_EBB_14record_counterCsiazm9e7eIkx_9flyby_net
FNDA:7,_RNvYINtNtCs1OjIl8oxbrv_5alloc4sync3ArcDNtNtCscf8MsWp3cCb_10flyby_core7metrics16MetricsCollectorEL_EBB_16record_histogramCsiazm9e7eIkx_9flyby_net
FNDA:12,_RNvYINtNtCs1OjIl8oxbrv_5alloc4sync3ArcDNtNtCscf8MsWp3cCb_10flyby_core7metrics16MetricsCollectorEL_EBB_12record_gaugeCsgBpleClnEuB_15flyby_simulator
FNDA:39,_RNvYINtNtCs1OjIl8oxbrv_5alloc4sync3ArcDNtNtCscf8MsWp3cCb_10flyby_core7metrics16MetricsCollectorEL_EBB_14record_counterCsaY8j7BoaK8w_13flyby_storage
FNDA:0,_RNvYNtNtCscf8MsWp3cCb_10flyby_core7metrics13NullCollectorNtB4_16MetricsCollector12record_gaugeCsaY8j7BoaK8w_13flyby_storage
FNDA:0,_RNvYNtNtCscf8MsWp3cCb_10flyby_core7metrics13NullCollectorNtB4_16MetricsCollector14record_counterCsaY8j7BoaK8w_13flyby_storage
FNDA:0,_RNvYNtNtCscf8MsWp3cCb_10flyby_core7metrics13NullCollectorNtB4_16MetricsCollector16record_histogramCsaY8j7BoaK8w_13flyby_storage
FNDA:7,_RNvYINtNtCs1OjIl8oxbrv_5alloc4sync3ArcDNtNtCscf8MsWp3cCb_10flyby_core7metrics16MetricsCollectorEL_EBB_12record_gaugeCsip1xAQdcTWT_7runtime
FNDA:0,_RNvYNtNtCscf8MsWp3cCb_10flyby_core7metrics17CountingCollectorNtB4_16MetricsCollector12record_gaugeCshkIP76xL6qM_9scenarios
FNDA:0,_RNvYNtNtCscf8MsWp3cCb_10flyby_core7metrics17CountingCollectorNtB4_16MetricsCollector14record_counterCshkIP76xL6qM_9scenarios
FNDA:0,_RNvYNtNtCscf8MsWp3cCb_10flyby_core7metrics17CountingCollectorNtB4_16MetricsCollector16record_histogramCshkIP76xL6qM_9scenarios
FNDA:0,_RNvYNtNtCscf8MsWp3cCb_10flyby_core7metrics13NullCollectorNtB4_16MetricsCollector12record_gaugeCs70JimhUohXZ_13shared_memory
FNDA:0,_RNvYNtNtCscf8MsWp3cCb_10flyby_core7metrics13NullCollectorNtB4_16MetricsCollector14record_counterCs70JimhUohXZ_13shared_memory
FNDA:0,_RNvYNtNtCscf8MsWp3cCb_10flyby_core7metrics13NullCollectorNtB4_16MetricsCollector16record_histogramCs70JimhUohXZ_13shared_memory
FNDA:13,_RNvYINtNtCs1OjIl8oxbrv_5alloc4sync3ArcDNtNtCscf8MsWp3cCb_10flyby_core7metrics16MetricsCollectorEL_EBB_14record_counterCs70JimhUohXZ_13shared_memory
FNF:11
FNH:10
DA:50,305032
DA:51,305032
DA:52,305032
DA:55,8050
DA:56,8050
DA:57,8050
DA:60,19151
DA:61,19151
DA:62,19151
DA:70,332221
DA:74,332154
DA:75,332154
DA:76,332154
DA:93,2
DA:94,2
DA:95,2
DA:98,1
DA:99,1
DA:100,1
DA:104,14
DA:105,14
DA:106,14
DA:107,11
DA:108,11
DA:109,14
DA:117,1
DA:118,1
DA:119,1
DA:120,1
DA:121,1
DA:122,1
DA:125,1
DA:126,1
DA:127,1
DA:128,1
DA:129,1
DA:130,1
DA:131,1
DA:136,0
DA:137,0
DA:138,0
BRF:0
BRH:0
LF:41
LH:38
end_of_record
SF:/Users/thanos/work/flyby/crates/flyby-core/src/pipeline.rs
FN:61,_RNvYpNtNtCs9vRHrQZiaEo_10flyby_core8pipeline8Pipeline12step_outcomeB7_
FNDA:0,_RNvYpNtNtCs9vRHrQZiaEo_10flyby_core8pipeline8Pipeline12step_outcomeB7_
FNF:1
FNH:0
DA:61,0
DA:62,0
DA:63,0
DA:65,0
DA:67,0
BRF:0
BRH:0
LF:5
LH:0
end_of_record
SF:/Users/thanos/work/flyby/crates/flyby-core/src/placement.rs
FN:44,_RNvMNtCscf8MsWp3cCb_10flyby_core9placementNtB2_6SinkId3new
FN:50,_RNvMNtCscf8MsWp3cCb_10flyby_core9placementNtB2_6SinkId6as_u32
FN:55,_RNvMNtCscf8MsWp3cCb_10flyby_core9placementNtB2_6SinkId7is_none
FN:32,_RNvMNtCscf8MsWp3cCb_10flyby_core9placementNtB2_6SinkId7try_new
FN:44,_RNvMNtCs9vRHrQZiaEo_10flyby_core9placementNtB2_6SinkId3new
FN:50,_RNvMNtCs9vRHrQZiaEo_10flyby_core9placementNtB2_6SinkId6as_u32
FN:55,_RNvMNtCs9vRHrQZiaEo_10flyby_core9placementNtB2_6SinkId7is_none
FN:32,_RNvMNtCs9vRHrQZiaEo_10flyby_core9placementNtB2_6SinkId7try_new
FN:77,_RNvNtNtCs9vRHrQZiaEo_10flyby_core9placement5testss_12none_is_zero
FN:90,_RNvNtNtCs9vRHrQZiaEo_10flyby_core9placement5testss_18new_panics_on_zero
FN:83,_RNvNtNtCs9vRHrQZiaEo_10flyby_core9placement5testss_20try_new_rejects_zero
FNDA:21,_RNvMNtCscf8MsWp3cCb_10flyby_core9placementNtB2_6SinkId3new
FNDA:55,_RNvMNtCscf8MsWp3cCb_10flyby_core9placementNtB2_6SinkId6as_u32
FNDA:57,_RNvMNtCscf8MsWp3cCb_10flyby_core9placementNtB2_6SinkId7is_none
FNDA:0,_RNvMNtCscf8MsWp3cCb_10flyby_core9placementNtB2_6SinkId7try_new
FNDA:1,_RNvMNtCs9vRHrQZiaEo_10flyby_core9placementNtB2_6SinkId3new
FNDA:2,_RNvMNtCs9vRHrQZiaEo_10flyby_core9placementNtB2_6SinkId6as_u32
FNDA:1,_RNvMNtCs9vRHrQZiaEo_10flyby_core9placementNtB2_6SinkId7is_none
FNDA:2,_RNvMNtCs9vRHrQZiaEo_10flyby_core9placementNtB2_6SinkId7try_new
FNDA:1,_RNvNtNtCs9vRHrQZiaEo_10flyby_core9placement5testss_12none_is_zero
FNDA:1,_RNvNtNtCs9vRHrQZiaEo_10flyby_core9placement5testss_18new_panics_on_zero
FNDA:1,_RNvNtNtCs9vRHrQZiaEo_10flyby_core9placement5testss_20try_new_rejects_zero
FNF:7
FNH:7
DA:32,2
DA:33,2
DA:34,1
DA:35,1
DA:36,1
DA:37,2
DA:44,22
DA:45,22
DA:46,21
DA:47,21
DA:50,57
DA:51,57
DA:52,57
DA:55,58
DA:56,58
DA:57,58
DA:77,1
DA:78,1
DA:79,1
DA:80,1
DA:83,1
DA:84,1
DA:85,1
DA:86,1
DA:90,1
DA:91,1
DA:92,1
BRF:0
BRH:0
LF:27
LH:27
end_of_record
SF:/Users/thanos/work/flyby/crates/flyby-core/src/sink.rs
FN:30,_RNvYINtCseHB1QHhtQVt_12flyby_memory16SharedMemorySinkNtB5_11StubMessageENtNtCscf8MsWp3cCb_10flyby_core4sink4Sink5flushCsggT0ekrhFaK_5flyby
FN:30,_RNvYNtNtNtCsggT0ekrhFaK_5flyby8pipeline5tests11CollectSinkNtNtCscf8MsWp3cCb_10flyby_core4sink4Sink5flushB8_
FN:30,_RNvYpNtNtCs9vRHrQZiaEo_10flyby_core4sink4Sink5flushB7_
FN:30,_RNvYNtCsip1xAQdcTWT_7runtime12CountingSinkNtNtCscf8MsWp3cCb_10flyby_core4sink4Sink5flushB4_
FNDA:2,_RNvYINtCseHB1QHhtQVt_12flyby_memory16SharedMemorySinkNtB5_11StubMessageENtNtCscf8MsWp3cCb_10flyby_core4sink4Sink5flushCsggT0ekrhFaK_5flyby
FNDA:1,_RNvYNtNtNtCsggT0ekrhFaK_5flyby8pipeline5tests11CollectSinkNtNtCscf8MsWp3cCb_10flyby_core4sink4Sink5flushB8_
FNDA:0,_RNvYpNtNtCs9vRHrQZiaEo_10flyby_core4sink4Sink5flushB7_
FNDA:8,_RNvYNtCsip1xAQdcTWT_7runtime12CountingSinkNtNtCscf8MsWp3cCb_10flyby_core4sink4Sink5flushB4_
FNF:1
FNH:1
DA:30,11
DA:31,11
DA:32,11
BRF:0
BRH:0
LF:3
LH:3
end_of_record
SF:/Users/thanos/work/flyby/crates/flyby-memory/src/lib.rs
FN:162,_RNCNvMs_CseHB1QHhtQVt_12flyby_memoryINtB6_16SharedMemorySinkNtB6_11StubMessageE10reset_ring0CsggT0ekrhFaK_5flyby
FN:193,_RNCNvXs1_CseHB1QHhtQVt_12flyby_memoryINtB7_16SharedMemorySinkNtB7_11StubMessageENtNtCscf8MsWp3cCb_10flyby_core4sink4Sink5write0CsggT0ekrhFaK_5flyby
FN:229,_RNCNvXs1_CseHB1QHhtQVt_12flyby_memoryINtB7_16SharedMemorySinkNtB7_11StubMessageENtNtCscf8MsWp3cCb_10flyby_core4sink4Sink5writes0_0CsggT0ekrhFaK_5flyby
FN:219,_RNCNvXs1_CseHB1QHhtQVt_12flyby_memoryINtB7_16SharedMemorySinkNtB7_11StubMessageENtNtCscf8MsWp3cCb_10flyby_core4sink4Sink5writes_0CsggT0ekrhFaK_5flyby
FN:161,_RNvMs_CseHB1QHhtQVt_12flyby_memoryINtB4_16SharedMemorySinkNtB4_11StubMessageE10reset_ringCsggT0ekrhFaK_5flyby
FN:112,_RNvMs_CseHB1QHhtQVt_12flyby_memoryINtB4_16SharedMemorySinkNtB4_11StubMessageE3newCsggT0ekrhFaK_5flyby
FN:168,_RNvXs0_CseHB1QHhtQVt_12flyby_memoryINtB5_16SharedMemorySinkNtB5_11StubMessageENtNtCscf8MsWp3cCb_10flyby_core9lifecycle9Lifecycle4initCsggT0ekrhFaK_5flyby
FN:173,_RNvXs0_CseHB1QHhtQVt_12flyby_memoryINtB5_16SharedMemorySinkNtB5_11StubMessageENtNtCscf8MsWp3cCb_10flyby_core9lifecycle9Lifecycle8shutdownCsggT0ekrhFaK_5flyby
FN:182,_RNvXs1_CseHB1QHhtQVt_12flyby_memoryINtB5_16SharedMemorySinkNtB5_11StubMessageENtNtCscf8MsWp3cCb_10flyby_core4sink4Sink5writeCsggT0ekrhFaK_5flyby
FN:68,_RNvXCseHB1QHhtQVt_12flyby_memoryNtB2_15MemoryMetricKeyNtNtCscf8MsWp3cCb_10flyby_core7metrics9MetricKey4name
FN:268,_RNvXs2_CseHB1QHhtQVt_12flyby_memoryNtB5_11StubMessageNtNtCscf8MsWp3cCb_10flyby_core7message7Message8metadata
FN:260,_RNvXs2_CseHB1QHhtQVt_12flyby_memoryNtB5_11StubMessageNtNtCscf8MsWp3cCb_10flyby_core7message7Message9schema_id
FN:264,_RNvXs2_CseHB1QHhtQVt_12flyby_memoryNtB5_11StubMessageNtNtCscf8MsWp3cCb_10flyby_core7message7Message9timestamp
FN:281,_RNvXs3_CseHB1QHhtQVt_12flyby_memoryNtB5_11StubMessageNtNtCscf8MsWp3cCb_10flyby_core7encoder6Encode11encode_into
FN:277,_RNvXs3_CseHB1QHhtQVt_12flyby_memoryNtB5_11StubMessageNtNtCscf8MsWp3cCb_10flyby_core7encoder6Encode11encoded_len
FN:318,_RNCNvNtCs4YFPOoCgYDP_12flyby_memory5testss_19write_pop_roundtrip0B5_
FN:348,_RNCNvNtCs4YFPOoCgYDP_12flyby_memory5testss_32sequence_monotonic_across_writes0B5_
FN:157,_RINvMs_Cs4YFPOoCgYDP_12flyby_memoryINtB5_16SharedMemorySinkNtB5_11StubMessageE3popNCNvNtB5_5testss_19write_pop_roundtrip0EB5_
FN:157,_RINvMs_Cs4YFPOoCgYDP_12flyby_memoryINtB5_16SharedMemorySinkNtB5_11StubMessageE3popNCNvNtB5_5testss_32sequence_monotonic_across_writes0EB5_
FN:162,_RNCNvMs_Cs4YFPOoCgYDP_12flyby_memoryINtB6_16SharedMemorySinkNtB6_11StubMessageE10reset_ring0B6_
FN:193,_RNCNvXs1_Cs4YFPOoCgYDP_12flyby_memoryINtB7_16SharedMemorySinkNtB7_11StubMessageENtNtCscf8MsWp3cCb_10flyby_core4sink4Sink5write0B7_
FN:229,_RNCNvXs1_Cs4YFPOoCgYDP_12flyby_memoryINtB7_16SharedMemorySinkNtB7_11StubMessageENtNtCscf8MsWp3cCb_10flyby_core4sink4Sink5writes0_0B7_
FN:219,_RNCNvXs1_Cs4YFPOoCgYDP_12flyby_memoryINtB7_16SharedMemorySinkNtB7_11StubMessageENtNtCscf8MsWp3cCb_10flyby_core4sink4Sink5writes_0B7_
FN:193,_RNCNvXs1_Cs4YFPOoCgYDP_12flyby_memoryINtB7_16SharedMemorySinkNtNvNtB7_5testss_35failed_encode_does_not_advance_ring6BadMsgENtNtCscf8MsWp3cCb_10flyby_core4sink4Sink5write0B7_
FN:229,_RNCNvXs1_Cs4YFPOoCgYDP_12flyby_memoryINtB7_16SharedMemorySinkNtNvNtB7_5testss_35failed_encode_does_not_advance_ring6BadMsgENtNtCscf8MsWp3cCb_10flyby_core4sink4Sink5writes0_0B7_
FN:219,_RNCNvXs1_Cs4YFPOoCgYDP_12flyby_memoryINtB7_16SharedMemorySinkNtNvNtB7_5testss_35failed_encode_does_not_advance_ring6BadMsgENtNtCscf8MsWp3cCb_10flyby_core4sink4Sink5writes_0B7_
FN:161,_RNvMs_Cs4YFPOoCgYDP_12flyby_memoryINtB4_16SharedMemorySinkNtB4_11StubMessageE10reset_ringB4_
FN:139,_RNvMs_Cs4YFPOoCgYDP_12flyby_memoryINtB4_16SharedMemorySinkNtB4_11StubMessageE3lenB4_
FN:112,_RNvMs_Cs4YFPOoCgYDP_12flyby_memoryINtB4_16SharedMemorySinkNtB4_11StubMessageE3newB4_
FN:134,_RNvMs_Cs4YFPOoCgYDP_12flyby_memoryINtB4_16SharedMemorySinkNtB4_11StubMessageE7writtenB4_
FN:144,_RNvMs_Cs4YFPOoCgYDP_12flyby_memoryINtB4_16SharedMemorySinkNtB4_11StubMessageE8is_emptyB4_
FN:112,_RNvMs_Cs4YFPOoCgYDP_12flyby_memoryINtB4_16SharedMemorySinkNtNvNtB4_5testss_35failed_encode_does_not_advance_ring6BadMsgE3newB4_
FN:144,_RNvMs_Cs4YFPOoCgYDP_12flyby_memoryINtB4_16SharedMemorySinkNtNvNtB4_5testss_35failed_encode_does_not_advance_ring6BadMsgE8is_emptyB4_
FN:168,_RNvXs0_Cs4YFPOoCgYDP_12flyby_memoryINtB5_16SharedMemorySinkNtB5_11StubMessageENtNtCscf8MsWp3cCb_10flyby_core9lifecycle9Lifecycle4initB5_
FN:173,_RNvXs0_Cs4YFPOoCgYDP_12flyby_memoryINtB5_16SharedMemorySinkNtB5_11StubMessageENtNtCscf8MsWp3cCb_10flyby_core9lifecycle9Lifecycle8shutdownB5_
FN:182,_RNvXs1_Cs4YFPOoCgYDP_12flyby_memoryINtB5_16SharedMemorySinkNtB5_11StubMessageENtNtCscf8MsWp3cCb_10flyby_core4sink4Sink5writeB5_
FN:182,_RNvXs1_Cs4YFPOoCgYDP_12flyby_memoryINtB5_16SharedMemorySinkNtNvNtB5_5testss_35failed_encode_does_not_advance_ring6BadMsgENtNtCscf8MsWp3cCb_10flyby_core4sink4Sink5writeB5_
FN:299,_RNvNtCs4YFPOoCgYDP_12flyby_memory5tests3msg
FN:295,_RNvNtCs4YFPOoCgYDP_12flyby_memory5tests9make_sink
FN:304,_RNvNtCs4YFPOoCgYDP_12flyby_memory5testss_15write_and_count
FN:357,_RNvNtCs4YFPOoCgYDP_12flyby_memory5testss_18reinit_clears_ring
FN:313,_RNvNtCs4YFPOoCgYDP_12flyby_memory5testss_19write_pop_roundtrip
FN:326,_RNvNtCs4YFPOoCgYDP_12flyby_memory5testss_31full_ring_returns_back_pressure
FN:336,_RNvNtCs4YFPOoCgYDP_12flyby_memory5testss_31oversized_payload_returns_error
FN:342,_RNvNtCs4YFPOoCgYDP_12flyby_memory5testss_32sequence_monotonic_across_writes
FN:369,_RNvNtCs4YFPOoCgYDP_12flyby_memory5testss_35failed_encode_does_not_advance_ring
FN:379,_RNvXNvNtCs4YFPOoCgYDP_12flyby_memory5testss_35failed_encode_does_not_advance_ringNtB2_6BadMsgNtNtCscf8MsWp3cCb_10flyby_core7message7Message8metadata
FN:373,_RNvXNvNtCs4YFPOoCgYDP_12flyby_memory5testss_35failed_encode_does_not_advance_ringNtB2_6BadMsgNtNtCscf8MsWp3cCb_10flyby_core7message7Message9schema_id
FN:376,_RNvXNvNtCs4YFPOoCgYDP_12flyby_memory5testss_35failed_encode_does_not_advance_ringNtB2_6BadMsgNtNtCscf8MsWp3cCb_10flyby_core7message7Message9timestamp
FN:387,_RNvXs_NvNtCs4YFPOoCgYDP_12flyby_memory5testss_35failed_encode_does_not_advance_ringNtB4_6BadMsgNtNtCscf8MsWp3cCb_10flyby_core7encoder6Encode11encode_into
FN:384,_RNvXs_NvNtCs4YFPOoCgYDP_12flyby_memory5testss_35failed_encode_does_not_advance_ringNtB4_6BadMsgNtNtCscf8MsWp3cCb_10flyby_core7encoder6Encode11encoded_len
FN:128,_RNvMs_Cs4YFPOoCgYDP_12flyby_memoryINtB4_16SharedMemorySinkpE12with_metricsB4_
FN:149,_RNvMs_Cs4YFPOoCgYDP_12flyby_memoryINtB4_16SharedMemorySinkpE7is_fullB4_
FN:68,_RNvXCs4YFPOoCgYDP_12flyby_memoryNtB2_15MemoryMetricKeyNtNtCscf8MsWp3cCb_10flyby_core7metrics9MetricKey4name
FN:268,_RNvXs2_Cs4YFPOoCgYDP_12flyby_memoryNtB5_11StubMessageNtNtCscf8MsWp3cCb_10flyby_core7message7Message8metadata
FN:260,_RNvXs2_Cs4YFPOoCgYDP_12flyby_memoryNtB5_11StubMessageNtNtCscf8MsWp3cCb_10flyby_core7message7Message9schema_id
FN:264,_RNvXs2_Cs4YFPOoCgYDP_12flyby_memoryNtB5_11StubMessageNtNtCscf8MsWp3cCb_10flyby_core7message7Message9timestamp
FN:281,_RNvXs3_Cs4YFPOoCgYDP_12flyby_memoryNtB5_11StubMessageNtNtCscf8MsWp3cCb_10flyby_core7encoder6Encode11encode_into
FN:277,_RNvXs3_Cs4YFPOoCgYDP_12flyby_memoryNtB5_11StubMessageNtNtCscf8MsWp3cCb_10flyby_core7encoder6Encode11encoded_len
FN:157,_RINvMs_CseHB1QHhtQVt_12flyby_memoryINtB5_16SharedMemorySinkNtB5_11StubMessageE3popNCNvCs70JimhUohXZ_13shared_memorys_27write_and_read_back_payload0EB1m_
FN:157,_RINvMs_CseHB1QHhtQVt_12flyby_memoryINtB5_16SharedMemorySinkNtB5_11StubMessageE3popNCNvCs70JimhUohXZ_13shared_memorys_45sequence_numbers_are_monotonically_increasing0EB1m_
FN:162,_RNCNvMs_CseHB1QHhtQVt_12flyby_memoryINtB6_16SharedMemorySinkNtB6_11StubMessageE10reset_ring0Cs70JimhUohXZ_13shared_memory
FN:193,_RNCNvXs1_CseHB1QHhtQVt_12flyby_memoryINtB7_16SharedMemorySinkNtB7_11StubMessageENtNtCscf8MsWp3cCb_10flyby_core4sink4Sink5write0Cs70JimhUohXZ_13shared_memory
FN:229,_RNCNvXs1_CseHB1QHhtQVt_12flyby_memoryINtB7_16SharedMemorySinkNtB7_11StubMessageENtNtCscf8MsWp3cCb_10flyby_core4sink4Sink5writes0_0Cs70JimhUohXZ_13shared_memory
FN:219,_RNCNvXs1_CseHB1QHhtQVt_12flyby_memoryINtB7_16SharedMemorySinkNtB7_11StubMessageENtNtCscf8MsWp3cCb_10flyby_core4sink4Sink5writes_0Cs70JimhUohXZ_13shared_memory
FN:161,_RNvMs_CseHB1QHhtQVt_12flyby_memoryINtB4_16SharedMemorySinkNtB4_11StubMessageE10reset_ringCs70JimhUohXZ_13shared_memory
FN:139,_RNvMs_CseHB1QHhtQVt_12flyby_memoryINtB4_16SharedMemorySinkNtB4_11StubMessageE3lenCs70JimhUohXZ_13shared_memory
FN:112,_RNvMs_CseHB1QHhtQVt_12flyby_memoryINtB4_16SharedMemorySinkNtB4_11StubMessageE3newCs70JimhUohXZ_13shared_memory
FN:134,_RNvMs_CseHB1QHhtQVt_12flyby_memoryINtB4_16SharedMemorySinkNtB4_11StubMessageE7writtenCs70JimhUohXZ_13shared_memory
FN:144,_RNvMs_CseHB1QHhtQVt_12flyby_memoryINtB4_16SharedMemorySinkNtB4_11StubMessageE8is_emptyCs70JimhUohXZ_13shared_memory
FN:168,_RNvXs0_CseHB1QHhtQVt_12flyby_memoryINtB5_16SharedMemorySinkNtB5_11StubMessageENtNtCscf8MsWp3cCb_10flyby_core9lifecycle9Lifecycle4initCs70JimhUohXZ_13shared_memory
FN:173,_RNvXs0_CseHB1QHhtQVt_12flyby_memoryINtB5_16SharedMemorySinkNtB5_11StubMessageENtNtCscf8MsWp3cCb_10flyby_core9lifecycle9Lifecycle8shutdownCs70JimhUohXZ_13shared_memory
FN:182,_RNvXs1_CseHB1QHhtQVt_12flyby_memoryINtB5_16SharedMemorySinkNtB5_11StubMessageENtNtCscf8MsWp3cCb_10flyby_core4sink4Sink5writeCs70JimhUohXZ_13shared_memory
FNDA:0,_RNCNvMs_CseHB1QHhtQVt_12flyby_memoryINtB6_16SharedMemorySinkNtB6_11StubMessageE10reset_ring0CsggT0ekrhFaK_5flyby
FNDA:0,_RNCNvXs1_CseHB1QHhtQVt_12flyby_memoryINtB7_16SharedMemorySinkNtB7_11StubMessageENtNtCscf8MsWp3cCb_10flyby_core4sink4Sink5write0CsggT0ekrhFaK_5flyby
FNDA:0,_RNCNvXs1_CseHB1QHhtQVt_12flyby_memoryINtB7_16SharedMemorySinkNtB7_11StubMessageENtNtCscf8MsWp3cCb_10flyby_core4sink4Sink5writes0_0CsggT0ekrhFaK_5flyby
FNDA:10,_RNCNvXs1_CseHB1QHhtQVt_12flyby_memoryINtB7_16SharedMemorySinkNtB7_11StubMessageENtNtCscf8MsWp3cCb_10flyby_core4sink4Sink5writes_0CsggT0ekrhFaK_5flyby
FNDA:2,_RNvMs_CseHB1QHhtQVt_12flyby_memoryINtB4_16SharedMemorySinkNtB4_11StubMessageE10reset_ringCsggT0ekrhFaK_5flyby
FNDA:2,_RNvMs_CseHB1QHhtQVt_12flyby_memoryINtB4_16SharedMemorySinkNtB4_11StubMessageE3newCsggT0ekrhFaK_5flyby
FNDA:2,_RNvXs0_CseHB1QHhtQVt_12flyby_memoryINtB5_16SharedMemorySinkNtB5_11StubMessageENtNtCscf8MsWp3cCb_10flyby_core9lifecycle9Lifecycle4initCsggT0ekrhFaK_5flyby
FNDA:2,_RNvXs0_CseHB1QHhtQVt_12flyby_memoryINtB5_16SharedMemorySinkNtB5_11StubMessageENtNtCscf8MsWp3cCb_10flyby_core9lifecycle9Lifecycle8shutdownCsggT0ekrhFaK_5flyby
FNDA:10,_RNvXs1_CseHB1QHhtQVt_12flyby_memoryINtB5_16SharedMemorySinkNtB5_11StubMessageENtNtCscf8MsWp3cCb_10flyby_core4sink4Sink5writeCsggT0ekrhFaK_5flyby
FNDA:0,_RNvXCseHB1QHhtQVt_12flyby_memoryNtB2_15MemoryMetricKeyNtNtCscf8MsWp3cCb_10flyby_core7metrics9MetricKey4name
FNDA:23,_RNvXs2_CseHB1QHhtQVt_12flyby_memoryNtB5_11StubMessageNtNtCscf8MsWp3cCb_10flyby_core7message7Message8metadata
FNDA:23,_RNvXs2_CseHB1QHhtQVt_12flyby_memoryNtB5_11StubMessageNtNtCscf8MsWp3cCb_10flyby_core7message7Message9schema_id
FNDA:23,_RNvXs2_CseHB1QHhtQVt_12flyby_memoryNtB5_11StubMessageNtNtCscf8MsWp3cCb_10flyby_core7message7Message9timestamp
FNDA:23,_RNvXs3_CseHB1QHhtQVt_12flyby_memoryNtB5_11StubMessageNtNtCscf8MsWp3cCb_10flyby_core7encoder6Encode11encode_into
FNDA:24,_RNvXs3_CseHB1QHhtQVt_12flyby_memoryNtB5_11StubMessageNtNtCscf8MsWp3cCb_10flyby_core7encoder6Encode11encoded_len
FNDA:1,_RNCNvNtCs4YFPOoCgYDP_12flyby_memory5testss_19write_pop_roundtrip0B5_
FNDA:8,_RNCNvNtCs4YFPOoCgYDP_12flyby_memory5testss_32sequence_monotonic_across_writes0B5_
FNDA:1,_RINvMs_Cs4YFPOoCgYDP_12flyby_memoryINtB5_16SharedMemorySinkNtB5_11StubMessageE3popNCNvNtB5_5testss_19write_pop_roundtrip0EB5_
FNDA:9,_RINvMs_Cs4YFPOoCgYDP_12flyby_memoryINtB5_16SharedMemorySinkNtB5_11StubMessageE3popNCNvNtB5_5testss_32sequence_monotonic_across_writes0EB5_
FNDA:1,_RNCNvMs_Cs4YFPOoCgYDP_12flyby_memoryINtB6_16SharedMemorySinkNtB6_11StubMessageE10reset_ring0B6_
FNDA:0,_RNCNvXs1_Cs4YFPOoCgYDP_12flyby_memoryINtB7_16SharedMemorySinkNtB7_11StubMessageENtNtCscf8MsWp3cCb_10flyby_core4sink4Sink5write0B7_
FNDA:0,_RNCNvXs1_Cs4YFPOoCgYDP_12flyby_memoryINtB7_16SharedMemorySinkNtB7_11StubMessageENtNtCscf8MsWp3cCb_10flyby_core4sink4Sink5writes0_0B7_
FNDA:16,_RNCNvXs1_Cs4YFPOoCgYDP_12flyby_memoryINtB7_16SharedMemorySinkNtB7_11StubMessageENtNtCscf8MsWp3cCb_10flyby_core4sink4Sink5writes_0B7_
FNDA:0,_RNCNvXs1_Cs4YFPOoCgYDP_12flyby_memoryINtB7_16SharedMemorySinkNtNvNtB7_5testss_35failed_encode_does_not_advance_ring6BadMsgENtNtCscf8MsWp3cCb_10flyby_core4sink4Sink5write0B7_
FNDA:0,_RNCNvXs1_Cs4YFPOoCgYDP_12flyby_memoryINtB7_16SharedMemorySinkNtNvNtB7_5testss_35failed_encode_does_not_advance_ring6BadMsgENtNtCscf8MsWp3cCb_10flyby_core4sink4Sink5writes0_0B7_
FNDA:0,_RNCNvXs1_Cs4YFPOoCgYDP_12flyby_memoryINtB7_16SharedMemorySinkNtNvNtB7_5testss_35failed_encode_does_not_advance_ring6BadMsgENtNtCscf8MsWp3cCb_10flyby_core4sink4Sink5writes_0B7_
FNDA:2,_RNvMs_Cs4YFPOoCgYDP_12flyby_memoryINtB4_16SharedMemorySinkNtB4_11StubMessageE10reset_ringB4_
FNDA:2,_RNvMs_Cs4YFPOoCgYDP_12flyby_memoryINtB4_16SharedMemorySinkNtB4_11StubMessageE3lenB4_
FNDA:6,_RNvMs_Cs4YFPOoCgYDP_12flyby_memoryINtB4_16SharedMemorySinkNtB4_11StubMessageE3newB4_
FNDA:2,_RNvMs_Cs4YFPOoCgYDP_12flyby_memoryINtB4_16SharedMemorySinkNtB4_11StubMessageE7writtenB4_
FNDA:1,_RNvMs_Cs4YFPOoCgYDP_12flyby_memoryINtB4_16SharedMemorySinkNtB4_11StubMessageE8is_emptyB4_
FNDA:1,_RNvMs_Cs4YFPOoCgYDP_12flyby_memoryINtB4_16SharedMemorySinkNtNvNtB4_5testss_35failed_encode_does_not_advance_ring6BadMsgE3newB4_
FNDA:1,_RNvMs_Cs4YFPOoCgYDP_12flyby_memoryINtB4_16SharedMemorySinkNtNvNtB4_5testss_35failed_encode_does_not_advance_ring6BadMsgE8is_emptyB4_
FNDA:2,_RNvXs0_Cs4YFPOoCgYDP_12flyby_memoryINtB5_16SharedMemorySinkNtB5_11StubMessageENtNtCscf8MsWp3cCb_10flyby_core9lifecycle9Lifecycle4initB5_
FNDA:1,_RNvXs0_Cs4YFPOoCgYDP_12flyby_memoryINtB5_16SharedMemorySinkNtB5_11StubMessageENtNtCscf8MsWp3cCb_10flyby_core9lifecycle9Lifecycle8shutdownB5_
FNDA:18,_RNvXs1_Cs4YFPOoCgYDP_12flyby_memoryINtB5_16SharedMemorySinkNtB5_11StubMessageENtNtCscf8MsWp3cCb_10flyby_core4sink4Sink5writeB5_
FNDA:1,_RNvXs1_Cs4YFPOoCgYDP_12flyby_memoryINtB5_16SharedMemorySinkNtNvNtB5_5testss_35failed_encode_does_not_advance_ring6BadMsgENtNtCscf8MsWp3cCb_10flyby_core4sink4Sink5writeB5_
FNDA:18,_RNvNtCs4YFPOoCgYDP_12flyby_memory5tests3msg
FNDA:4,_RNvNtCs4YFPOoCgYDP_12flyby_memory5tests9make_sink
FNDA:1,_RNvNtCs4YFPOoCgYDP_12flyby_memory5testss_15write_and_count
FNDA:1,_RNvNtCs4YFPOoCgYDP_12flyby_memory5testss_18reinit_clears_ring
FNDA:1,_RNvNtCs4YFPOoCgYDP_12flyby_memory5testss_19write_pop_roundtrip
FNDA:1,_RNvNtCs4YFPOoCgYDP_12flyby_memory5testss_31full_ring_returns_back_pressure
FNDA:1,_RNvNtCs4YFPOoCgYDP_12flyby_memory5testss_31oversized_payload_returns_error
FNDA:1,_RNvNtCs4YFPOoCgYDP_12flyby_memory5testss_32sequence_monotonic_across_writes
FNDA:1,_RNvNtCs4YFPOoCgYDP_12flyby_memory5testss_35failed_encode_does_not_advance_ring
FNDA:1,_RNvXNvNtCs4YFPOoCgYDP_12flyby_memory5testss_35failed_encode_does_not_advance_ringNtB2_6BadMsgNtNtCscf8MsWp3cCb_10flyby_core7message7Message8metadata
FNDA:1,_RNvXNvNtCs4YFPOoCgYDP_12flyby_memory5testss_35failed_encode_does_not_advance_ringNtB2_6BadMsgNtNtCscf8MsWp3cCb_10flyby_core7message7Message9schema_id
FNDA:1,_RNvXNvNtCs4YFPOoCgYDP_12flyby_memory5testss_35failed_encode_does_not_advance_ringNtB2_6BadMsgNtNtCscf8MsWp3cCb_10flyby_core7message7Message9timestamp
FNDA:1,_RNvXs_NvNtCs4YFPOoCgYDP_12flyby_memory5testss_35failed_encode_does_not_advance_ringNtB4_6BadMsgNtNtCscf8MsWp3cCb_10flyby_core7encoder6Encode11encode_into
FNDA:1,_RNvXs_NvNtCs4YFPOoCgYDP_12flyby_memory5testss_35failed_encode_does_not_advance_ringNtB4_6BadMsgNtNtCscf8MsWp3cCb_10flyby_core7encoder6Encode11encoded_len
FNDA:0,_RNvMs_Cs4YFPOoCgYDP_12flyby_memoryINtB4_16SharedMemorySinkpE12with_metricsB4_
FNDA:0,_RNvMs_Cs4YFPOoCgYDP_12flyby_memoryINtB4_16SharedMemorySinkpE7is_fullB4_
FNDA:0,_RNvXCs4YFPOoCgYDP_12flyby_memoryNtB2_15MemoryMetricKeyNtNtCscf8MsWp3cCb_10flyby_core7metrics9MetricKey4name
FNDA:17,_RNvXs2_Cs4YFPOoCgYDP_12flyby_memoryNtB5_11StubMessageNtNtCscf8MsWp3cCb_10flyby_core7message7Message8metadata
FNDA:17,_RNvXs2_Cs4YFPOoCgYDP_12flyby_memoryNtB5_11StubMessageNtNtCscf8MsWp3cCb_10flyby_core7message7Message9schema_id
FNDA:17,_RNvXs2_Cs4YFPOoCgYDP_12flyby_memoryNtB5_11StubMessageNtNtCscf8MsWp3cCb_10flyby_core7message7Message9timestamp
FNDA:17,_RNvXs3_Cs4YFPOoCgYDP_12flyby_memoryNtB5_11StubMessageNtNtCscf8MsWp3cCb_10flyby_core7encoder6Encode11encode_into
FNDA:18,_RNvXs3_Cs4YFPOoCgYDP_12flyby_memoryNtB5_11StubMessageNtNtCscf8MsWp3cCb_10flyby_core7encoder6Encode11encoded_len
FNDA:1,_RINvMs_CseHB1QHhtQVt_12flyby_memoryINtB5_16SharedMemorySinkNtB5_11StubMessageE3popNCNvCs70JimhUohXZ_13shared_memorys_27write_and_read_back_payload0EB1m_
FNDA:6,_RINvMs_CseHB1QHhtQVt_12flyby_memoryINtB5_16SharedMemorySinkNtB5_11StubMessageE3popNCNvCs70JimhUohXZ_13shared_memorys_45sequence_numbers_are_monotonically_increasing0EB1m_
FNDA:1,_RNCNvMs_CseHB1QHhtQVt_12flyby_memoryINtB6_16SharedMemorySinkNtB6_11StubMessageE10reset_ring0Cs70JimhUohXZ_13shared_memory
FNDA:0,_RNCNvXs1_CseHB1QHhtQVt_12flyby_memoryINtB7_16SharedMemorySinkNtB7_11StubMessageENtNtCscf8MsWp3cCb_10flyby_core4sink4Sink5write0Cs70JimhUohXZ_13shared_memory
FNDA:0,_RNCNvXs1_CseHB1QHhtQVt_12flyby_memoryINtB7_16SharedMemorySinkNtB7_11StubMessageENtNtCscf8MsWp3cCb_10flyby_core4sink4Sink5writes0_0Cs70JimhUohXZ_13shared_memory
FNDA:12,_RNCNvXs1_CseHB1QHhtQVt_12flyby_memoryINtB7_16SharedMemorySinkNtB7_11StubMessageENtNtCscf8MsWp3cCb_10flyby_core4sink4Sink5writes_0Cs70JimhUohXZ_13shared_memory
FNDA:7,_RNvMs_CseHB1QHhtQVt_12flyby_memoryINtB4_16SharedMemorySinkNtB4_11StubMessageE10reset_ringCs70JimhUohXZ_13shared_memory
FNDA:1,_RNvMs_CseHB1QHhtQVt_12flyby_memoryINtB4_16SharedMemorySinkNtB4_11StubMessageE3lenCs70JimhUohXZ_13shared_memory
FNDA:6,_RNvMs_CseHB1QHhtQVt_12flyby_memoryINtB4_16SharedMemorySinkNtB4_11StubMessageE3newCs70JimhUohXZ_13shared_memory
FNDA:3,_RNvMs_CseHB1QHhtQVt_12flyby_memoryINtB4_16SharedMemorySinkNtB4_11StubMessageE7writtenCs70JimhUohXZ_13shared_memory
FNDA:1,_RNvMs_CseHB1QHhtQVt_12flyby_memoryINtB4_16SharedMemorySinkNtB4_11StubMessageE8is_emptyCs70JimhUohXZ_13shared_memory
FNDA:7,_RNvXs0_CseHB1QHhtQVt_12flyby_memoryINtB5_16SharedMemorySinkNtB5_11StubMessageENtNtCscf8MsWp3cCb_10flyby_core9lifecycle9Lifecycle4initCs70JimhUohXZ_13shared_memory
FNDA:1,_RNvXs0_CseHB1QHhtQVt_12flyby_memoryINtB5_16SharedMemorySinkNtB5_11StubMessageENtNtCscf8MsWp3cCb_10flyby_core9lifecycle9Lifecycle8shutdownCs70JimhUohXZ_13shared_memory
FNDA:14,_RNvXs1_CseHB1QHhtQVt_12flyby_memoryINtB5_16SharedMemorySinkNtB5_11StubMessageENtNtCscf8MsWp3cCb_10flyby_core4sink4Sink5writeCs70JimhUohXZ_13shared_memory
FNF:37
FNH:32
DA:68,0
DA:69,0
DA:70,0
DA:71,0
DA:72,0
DA:74,0
DA:112,15
DA:113,15
DA:114,0
DA:115,15
DA:116,15
DA:117,15
DA:118,15
DA:119,15
DA:120,15
DA:121,15
DA:122,15
DA:123,15
DA:124,15
DA:125,15
DA:128,0
DA:129,0
DA:130,0
DA:131,0
DA:134,5
DA:135,5
DA:136,5
DA:139,3
DA:140,3
DA:141,3
DA:144,3
DA:145,3
DA:146,3
DA:149,0
DA:150,0
DA:151,0
DA:157,17
DA:158,17
DA:159,17
DA:161,11
DA:162,13
DA:163,11
DA:164,11
DA:168,11
DA:169,11
DA:170,11
DA:171,11
DA:173,4
DA:175,4
DA:176,4
DA:182,43
DA:183,43
DA:184,43
DA:185,2
DA:186,2
DA:187,2
DA:188,2
DA:189,2
DA:190,2
DA:191,41
DA:192,41
DA:193,41
DA:195,41
DA:196,41
DA:197,41
DA:198,41
DA:200,41
DA:201,41
DA:202,41
DA:203,41
DA:204,41
DA:205,41
DA:210,41
DA:211,41
DA:212,41
DA:213,40
DA:214,0
DA:215,0
DA:216,0
DA:217,40
DA:218,40
DA:219,40
DA:221,0
DA:222,0
DA:223,0
DA:224,0
DA:225,0
DA:226,0
DA:227,0
DA:228,0
DA:229,0
DA:232,40
DA:233,38
DA:234,38
DA:235,38
DA:236,38
DA:238,2
DA:239,2
DA:241,43
DA:260,40
DA:261,40
DA:262,40
DA:264,40
DA:265,40
DA:266,40
DA:268,40
DA:269,40
DA:270,40
DA:271,40
DA:272,40
DA:273,40
DA:277,42
DA:278,42
DA:279,42
DA:281,40
DA:282,40
DA:283,0
DA:284,40
DA:285,40
DA:286,40
DA:287,40
DA:295,4
DA:296,4
DA:297,4
DA:299,18
DA:300,18
DA:301,18
DA:304,1
DA:305,1
DA:306,1
DA:307,1
DA:308,1
DA:309,1
DA:310,1
DA:313,1
DA:314,1
DA:315,1
DA:317,1
DA:318,1
DA:319,1
DA:320,1
DA:321,1
DA:322,1
DA:323,1
DA:326,1
DA:327,1
DA:328,4
DA:329,4
DA:330,4
DA:331,1
DA:332,1
DA:333,1
DA:336,1
DA:337,1
DA:338,1
DA:339,1
DA:342,1
DA:343,1
DA:344,8
DA:345,8
DA:346,8
DA:347,1
DA:348,9
DA:349,8
DA:350,8
DA:351,8
DA:352,1
DA:353,1
DA:354,1
DA:357,1
DA:358,1
DA:359,1
DA:360,1
DA:361,1
DA:362,1
DA:363,1
DA:364,1
DA:365,1
DA:366,1
DA:369,1
DA:373,1
DA:374,1
DA:375,1
DA:376,1
DA:377,1
DA:378,1
DA:379,1
DA:380,1
DA:381,1
DA:384,1
DA:385,1
DA:386,1
DA:387,1
DA:388,1
DA:389,1
DA:391,1
DA:392,1
DA:393,1
DA:394,1
BRF:0
BRH:0
LF:206
LH:177
end_of_record
SF:/Users/thanos/work/flyby/crates/flyby-memory/src/region.rs
FN:259,_RINvMs0_NtCseHB1QHhtQVt_12flyby_memory6regionNtB6_6Region3popNCNvMs_B8_INtB8_16SharedMemorySinkNtB8_11StubMessageE10reset_ring0ECsggT0ekrhFaK_5flyby
FN:240,_RINvMs0_NtCseHB1QHhtQVt_12flyby_memory6regionNtB6_6Region4pushNCNvXs1_B8_INtB8_16SharedMemorySinkNtB8_11StubMessageENtNtCscf8MsWp3cCb_10flyby_core4sink4Sink5writes0_0ECsggT0ekrhFaK_5flyby
FN:240,_RINvMs0_NtCseHB1QHhtQVt_12flyby_memory6regionNtB6_6Region4pushNCNvXs1_B8_INtB8_16SharedMemorySinkNtB8_11StubMessageENtNtCscf8MsWp3cCb_10flyby_core4sink4Sink5writes_0ECsggT0ekrhFaK_5flyby
FN:298,_RNvXs1_NtCseHB1QHhtQVt_12flyby_memory6regionNtB5_6RegionNtNtNtCsl8K0bEFm1U0_4core3ops4drop4Drop4drop
FN:272,_RNvMs0_NtCseHB1QHhtQVt_12flyby_memory6regionNtB5_6Region10slot_count
FN:184,_RNvMs0_NtCseHB1QHhtQVt_12flyby_memory6regionNtB5_6Region15validate_params
FN:282,_RNvMs0_NtCseHB1QHhtQVt_12flyby_memory6regionNtB5_6Region3len
FN:292,_RNvMs0_NtCseHB1QHhtQVt_12flyby_memory6regionNtB5_6Region7is_full
FN:287,_RNvMs0_NtCseHB1QHhtQVt_12flyby_memory6regionNtB5_6Region8is_empty
FN:216,_RNvMs0_NtCseHB1QHhtQVt_12flyby_memory6regionNtB5_6Region8slot_mut
FN:225,_RNvMs0_NtCseHB1QHhtQVt_12flyby_memory6regionNtB5_6Region8slot_ref
FN:116,_RNvMs0_NtCseHB1QHhtQVt_12flyby_memory6regionNtB5_6Region9anonymous
FN:277,_RNvMs0_NtCseHB1QHhtQVt_12flyby_memory6regionNtB5_6Region9slot_size
FN:205,_RNCNvMs0_NtCseHB1QHhtQVt_12flyby_memory6regionNtB7_6Region15validate_params0B9_
FN:206,_RNCNvMs0_NtCseHB1QHhtQVt_12flyby_memory6regionNtB7_6Region15validate_paramss_0B9_
FN:319,_RNCNvNtNtCs4YFPOoCgYDP_12flyby_memory6region5tests9fill_slot0B7_
FN:352,_RNCNvNtNtCs4YFPOoCgYDP_12flyby_memory6region5testss_18push_pop_roundtrip0B7_
FN:389,_RNCNvNtNtCs4YFPOoCgYDP_12flyby_memory6region5testss_27wrap_around_preserves_order0B7_
FN:374,_RNCNvNtNtCs4YFPOoCgYDP_12flyby_memory6region5testss_28empty_ring_pop_returns_false0B7_
FN:277,_RNvMs0_NtCs4YFPOoCgYDP_12flyby_memory6regionNtB5_6Region9slot_size
FN:314,_RNvNtNtCs4YFPOoCgYDP_12flyby_memory6region5tests14default_region
FN:318,_RNvNtNtCs4YFPOoCgYDP_12flyby_memory6region5tests9fill_slot
FN:401,_RNvNtNtCs4YFPOoCgYDP_12flyby_memory6region5testss_14mmap_lifecycle
FN:326,_RNvNtNtCs4YFPOoCgYDP_12flyby_memory6region5testss_15create_and_drop
FN:345,_RNvNtNtCs4YFPOoCgYDP_12flyby_memory6region5testss_18push_pop_roundtrip
FN:339,_RNvNtNtCs4YFPOoCgYDP_12flyby_memory6region5testss_26invalid_slot_size_rejected
FN:333,_RNvNtNtCs4YFPOoCgYDP_12flyby_memory6region5testss_27invalid_slot_count_rejected
FN:378,_RNvNtNtCs4YFPOoCgYDP_12flyby_memory6region5testss_27wrap_around_preserves_order
FN:372,_RNvNtNtCs4YFPOoCgYDP_12flyby_memory6region5testss_28empty_ring_pop_returns_false
FN:362,_RNvNtNtCs4YFPOoCgYDP_12flyby_memory6region5testss_28full_ring_push_returns_false
FN:298,_RNvXs1_NtCs4YFPOoCgYDP_12flyby_memory6regionNtB5_6RegionNtNtNtCsl8K0bEFm1U0_4core3ops4drop4Drop4drop
FN:259,_RINvMs0_NtCs4YFPOoCgYDP_12flyby_memory6regionNtB6_6Region3popNCNvMs_B8_INtB8_16SharedMemorySinkNtB8_11StubMessageE10reset_ring0EB8_
FN:259,_RINvMs0_NtCs4YFPOoCgYDP_12flyby_memory6regionNtB6_6Region3popNCNvNtB6_5testss_18push_pop_roundtrip0EB8_
FN:259,_RINvMs0_NtCs4YFPOoCgYDP_12flyby_memory6regionNtB6_6Region3popNCNvNtB6_5testss_27wrap_around_preserves_order0EB8_
FN:259,_RINvMs0_NtCs4YFPOoCgYDP_12flyby_memory6regionNtB6_6Region3popNCNvNtB6_5testss_28empty_ring_pop_returns_false0EB8_
FN:259,_RINvMs0_NtCs4YFPOoCgYDP_12flyby_memory6regionNtB6_6Region3popNCNvNtB8_5testss_19write_pop_roundtrip0EB8_
FN:259,_RINvMs0_NtCs4YFPOoCgYDP_12flyby_memory6regionNtB6_6Region3popNCNvNtB8_5testss_32sequence_monotonic_across_writes0EB8_
FN:240,_RINvMs0_NtCs4YFPOoCgYDP_12flyby_memory6regionNtB6_6Region4pushNCNvNtB6_5tests9fill_slot0EB8_
FN:240,_RINvMs0_NtCs4YFPOoCgYDP_12flyby_memory6regionNtB6_6Region4pushNCNvXs1_B8_INtB8_16SharedMemorySinkNtB8_11StubMessageENtNtCscf8MsWp3cCb_10flyby_core4sink4Sink5writes0_0EB8_
FN:240,_RINvMs0_NtCs4YFPOoCgYDP_12flyby_memory6regionNtB6_6Region4pushNCNvXs1_B8_INtB8_16SharedMemorySinkNtB8_11StubMessageENtNtCscf8MsWp3cCb_10flyby_core4sink4Sink5writes_0EB8_
FN:240,_RINvMs0_NtCs4YFPOoCgYDP_12flyby_memory6regionNtB6_6Region4pushNCNvXs1_B8_INtB8_16SharedMemorySinkNtNvNtB8_5testss_35failed_encode_does_not_advance_ring6BadMsgENtNtCscf8MsWp3cCb_10flyby_core4sink4Sink5writes0_0EB8_
FN:240,_RINvMs0_NtCs4YFPOoCgYDP_12flyby_memory6regionNtB6_6Region4pushNCNvXs1_B8_INtB8_16SharedMemorySinkNtNvNtB8_5testss_35failed_encode_does_not_advance_ring6BadMsgENtNtCscf8MsWp3cCb_10flyby_core4sink4Sink5writes_0EB8_
FN:205,_RNCNvMs0_NtCs4YFPOoCgYDP_12flyby_memory6regionNtB7_6Region15validate_params0B9_
FN:206,_RNCNvMs0_NtCs4YFPOoCgYDP_12flyby_memory6regionNtB7_6Region15validate_paramss_0B9_
FN:272,_RNvMs0_NtCs4YFPOoCgYDP_12flyby_memory6regionNtB5_6Region10slot_count
FN:184,_RNvMs0_NtCs4YFPOoCgYDP_12flyby_memory6regionNtB5_6Region15validate_params
FN:282,_RNvMs0_NtCs4YFPOoCgYDP_12flyby_memory6regionNtB5_6Region3len
FN:292,_RNvMs0_NtCs4YFPOoCgYDP_12flyby_memory6regionNtB5_6Region7is_full
FN:287,_RNvMs0_NtCs4YFPOoCgYDP_12flyby_memory6regionNtB5_6Region8is_empty
FN:216,_RNvMs0_NtCs4YFPOoCgYDP_12flyby_memory6regionNtB5_6Region8slot_mut
FN:225,_RNvMs0_NtCs4YFPOoCgYDP_12flyby_memory6regionNtB5_6Region8slot_ref
FN:116,_RNvMs0_NtCs4YFPOoCgYDP_12flyby_memory6regionNtB5_6Region9anonymous
FN:259,_RINvMs0_NtCseHB1QHhtQVt_12flyby_memory6regionNtB6_6Region3popNCNvCs70JimhUohXZ_13shared_memorys_27write_and_read_back_payload0EB11_
FN:259,_RINvMs0_NtCseHB1QHhtQVt_12flyby_memory6regionNtB6_6Region3popNCNvCs70JimhUohXZ_13shared_memorys_45sequence_numbers_are_monotonically_increasing0EB11_
FN:259,_RINvMs0_NtCseHB1QHhtQVt_12flyby_memory6regionNtB6_6Region3popNCNvMs_B8_INtB8_16SharedMemorySinkNtB8_11StubMessageE10reset_ring0ECs70JimhUohXZ_13shared_memory
FN:240,_RINvMs0_NtCseHB1QHhtQVt_12flyby_memory6regionNtB6_6Region4pushNCNvXs1_B8_INtB8_16SharedMemorySinkNtB8_11StubMessageENtNtCscf8MsWp3cCb_10flyby_core4sink4Sink5writes0_0ECs70JimhUohXZ_13shared_memory
FN:240,_RINvMs0_NtCseHB1QHhtQVt_12flyby_memory6regionNtB6_6Region4pushNCNvXs1_B8_INtB8_16SharedMemorySinkNtB8_11StubMessageENtNtCscf8MsWp3cCb_10flyby_core4sink4Sink5writes_0ECs70JimhUohXZ_13shared_memory
FNDA:2,_RINvMs0_NtCseHB1QHhtQVt_12flyby_memory6regionNtB6_6Region3popNCNvMs_B8_INtB8_16SharedMemorySinkNtB8_11StubMessageE10reset_ring0ECsggT0ekrhFaK_5flyby
FNDA:0,_RINvMs0_NtCseHB1QHhtQVt_12flyby_memory6regionNtB6_6Region4pushNCNvXs1_B8_INtB8_16SharedMemorySinkNtB8_11StubMessageENtNtCscf8MsWp3cCb_10flyby_core4sink4Sink5writes0_0ECsggT0ekrhFaK_5flyby
FNDA:10,_RINvMs0_NtCseHB1QHhtQVt_12flyby_memory6regionNtB6_6Region4pushNCNvXs1_B8_INtB8_16SharedMemorySinkNtB8_11StubMessageENtNtCscf8MsWp3cCb_10flyby_core4sink4Sink5writes_0ECsggT0ekrhFaK_5flyby
FNDA:8,_RNvXs1_NtCseHB1QHhtQVt_12flyby_memory6regionNtB5_6RegionNtNtNtCsl8K0bEFm1U0_4core3ops4drop4Drop4drop
FNDA:0,_RNvMs0_NtCseHB1QHhtQVt_12flyby_memory6regionNtB5_6Region10slot_count
FNDA:8,_RNvMs0_NtCseHB1QHhtQVt_12flyby_memory6regionNtB5_6Region15validate_params
FNDA:1,_RNvMs0_NtCseHB1QHhtQVt_12flyby_memory6regionNtB5_6Region3len
FNDA:0,_RNvMs0_NtCseHB1QHhtQVt_12flyby_memory6regionNtB5_6Region7is_full
FNDA:1,_RNvMs0_NtCseHB1QHhtQVt_12flyby_memory6regionNtB5_6Region8is_empty
FNDA:22,_RNvMs0_NtCseHB1QHhtQVt_12flyby_memory6regionNtB5_6Region8slot_mut
FNDA:7,_RNvMs0_NtCseHB1QHhtQVt_12flyby_memory6regionNtB5_6Region8slot_ref
FNDA:8,_RNvMs0_NtCseHB1QHhtQVt_12flyby_memory6regionNtB5_6Region9anonymous
FNDA:0,_RNvMs0_NtCseHB1QHhtQVt_12flyby_memory6regionNtB5_6Region9slot_size
FNDA:8,_RNCNvMs0_NtCseHB1QHhtQVt_12flyby_memory6regionNtB7_6Region15validate_params0B9_
FNDA:0,_RNCNvMs0_NtCseHB1QHhtQVt_12flyby_memory6regionNtB7_6Region15validate_paramss_0B9_
FNDA:22,_RNCNvNtNtCs4YFPOoCgYDP_12flyby_memory6region5tests9fill_slot0B7_
FNDA:1,_RNCNvNtNtCs4YFPOoCgYDP_12flyby_memory6region5testss_18push_pop_roundtrip0B7_
FNDA:12,_RNCNvNtNtCs4YFPOoCgYDP_12flyby_memory6region5testss_27wrap_around_preserves_order0B7_
FNDA:0,_RNCNvNtNtCs4YFPOoCgYDP_12flyby_memory6region5testss_28empty_ring_pop_returns_false0B7_
FNDA:0,_RNvMs0_NtCs4YFPOoCgYDP_12flyby_memory6regionNtB5_6Region9slot_size
FNDA:4,_RNvNtNtCs4YFPOoCgYDP_12flyby_memory6region5tests14default_region
FNDA:23,_RNvNtNtCs4YFPOoCgYDP_12flyby_memory6region5tests9fill_slot
FNDA:1,_RNvNtNtCs4YFPOoCgYDP_12flyby_memory6region5testss_14mmap_lifecycle
FNDA:1,_RNvNtNtCs4YFPOoCgYDP_12flyby_memory6region5testss_15create_and_drop
FNDA:1,_RNvNtNtCs4YFPOoCgYDP_12flyby_memory6region5testss_18push_pop_roundtrip
FNDA:1,_RNvNtNtCs4YFPOoCgYDP_12flyby_memory6region5testss_26invalid_slot_size_rejected
FNDA:1,_RNvNtNtCs4YFPOoCgYDP_12flyby_memory6region5testss_27invalid_slot_count_rejected
FNDA:1,_RNvNtNtCs4YFPOoCgYDP_12flyby_memory6region5testss_27wrap_around_preserves_order
FNDA:1,_RNvNtNtCs4YFPOoCgYDP_12flyby_memory6region5testss_28empty_ring_pop_returns_false
FNDA:1,_RNvNtNtCs4YFPOoCgYDP_12flyby_memory6region5testss_28full_ring_push_returns_false
FNDA:13,_RNvXs1_NtCs4YFPOoCgYDP_12flyby_memory6regionNtB5_6RegionNtNtNtCsl8K0bEFm1U0_4core3ops4drop4Drop4drop
FNDA:3,_RINvMs0_NtCs4YFPOoCgYDP_12flyby_memory6regionNtB6_6Region3popNCNvMs_B8_INtB8_16SharedMemorySinkNtB8_11StubMessageE10reset_ring0EB8_
FNDA:1,_RINvMs0_NtCs4YFPOoCgYDP_12flyby_memory6regionNtB6_6Region3popNCNvNtB6_5testss_18push_pop_roundtrip0EB8_
FNDA:12,_RINvMs0_NtCs4YFPOoCgYDP_12flyby_memory6regionNtB6_6Region3popNCNvNtB6_5testss_27wrap_around_preserves_order0EB8_
FNDA:1,_RINvMs0_NtCs4YFPOoCgYDP_12flyby_memory6regionNtB6_6Region3popNCNvNtB6_5testss_28empty_ring_pop_returns_false0EB8_
FNDA:1,_RINvMs0_NtCs4YFPOoCgYDP_12flyby_memory6regionNtB6_6Region3popNCNvNtB8_5testss_19write_pop_roundtrip0EB8_
FNDA:9,_RINvMs0_NtCs4YFPOoCgYDP_12flyby_memory6regionNtB6_6Region3popNCNvNtB8_5testss_32sequence_monotonic_across_writes0EB8_
FNDA:23,_RINvMs0_NtCs4YFPOoCgYDP_12flyby_memory6regionNtB6_6Region4pushNCNvNtB6_5tests9fill_slot0EB8_
FNDA:0,_RINvMs0_NtCs4YFPOoCgYDP_12flyby_memory6regionNtB6_6Region4pushNCNvXs1_B8_INtB8_16SharedMemorySinkNtB8_11StubMessageENtNtCscf8MsWp3cCb_10flyby_core4sink4Sink5writes0_0EB8_
FNDA:17,_RINvMs0_NtCs4YFPOoCgYDP_12flyby_memory6regionNtB6_6Region4pushNCNvXs1_B8_INtB8_16SharedMemorySinkNtB8_11StubMessageENtNtCscf8MsWp3cCb_10flyby_core4sink4Sink5writes_0EB8_
FNDA:0,_RINvMs0_NtCs4YFPOoCgYDP_12flyby_memory6regionNtB6_6Region4pushNCNvXs1_B8_INtB8_16SharedMemorySinkNtNvNtB8_5testss_35failed_encode_does_not_advance_ring6BadMsgENtNtCscf8MsWp3cCb_10flyby_core4sink4Sink5writes0_0EB8_
FNDA:0,_RINvMs0_NtCs4YFPOoCgYDP_12flyby_memory6regionNtB6_6Region4pushNCNvXs1_B8_INtB8_16SharedMemorySinkNtNvNtB8_5testss_35failed_encode_does_not_advance_ring6BadMsgENtNtCscf8MsWp3cCb_10flyby_core4sink4Sink5writes_0EB8_
FNDA:13,_RNCNvMs0_NtCs4YFPOoCgYDP_12flyby_memory6regionNtB7_6Region15validate_params0B9_
FNDA:0,_RNCNvMs0_NtCs4YFPOoCgYDP_12flyby_memory6regionNtB7_6Region15validate_paramss_0B9_
FNDA:1,_RNvMs0_NtCs4YFPOoCgYDP_12flyby_memory6regionNtB5_6Region10slot_count
FNDA:17,_RNvMs0_NtCs4YFPOoCgYDP_12flyby_memory6regionNtB5_6Region15validate_params
FNDA:3,_RNvMs0_NtCs4YFPOoCgYDP_12flyby_memory6regionNtB5_6Region3len
FNDA:1,_RNvMs0_NtCs4YFPOoCgYDP_12flyby_memory6regionNtB5_6Region7is_full
FNDA:4,_RNvMs0_NtCs4YFPOoCgYDP_12flyby_memory6regionNtB5_6Region8is_empty
FNDA:38,_RNvMs0_NtCs4YFPOoCgYDP_12flyby_memory6regionNtB5_6Region8slot_mut
FNDA:23,_RNvMs0_NtCs4YFPOoCgYDP_12flyby_memory6regionNtB5_6Region8slot_ref
FNDA:17,_RNvMs0_NtCs4YFPOoCgYDP_12flyby_memory6regionNtB5_6Region9anonymous
FNDA:1,_RINvMs0_NtCseHB1QHhtQVt_12flyby_memory6regionNtB6_6Region3popNCNvCs70JimhUohXZ_13shared_memorys_27write_and_read_back_payload0EB11_
FNDA:6,_RINvMs0_NtCseHB1QHhtQVt_12flyby_memory6regionNtB6_6Region3popNCNvCs70JimhUohXZ_13shared_memorys_45sequence_numbers_are_monotonically_increasing0EB11_
FNDA:8,_RINvMs0_NtCseHB1QHhtQVt_12flyby_memory6regionNtB6_6Region3popNCNvMs_B8_INtB8_16SharedMemorySinkNtB8_11StubMessageE10reset_ring0ECs70JimhUohXZ_13shared_memory
FNDA:0,_RINvMs0_NtCseHB1QHhtQVt_12flyby_memory6regionNtB6_6Region4pushNCNvXs1_B8_INtB8_16SharedMemorySinkNtB8_11StubMessageENtNtCscf8MsWp3cCb_10flyby_core4sink4Sink5writes0_0ECs70JimhUohXZ_13shared_memory
FNDA:13,_RINvMs0_NtCseHB1QHhtQVt_12flyby_memory6regionNtB6_6Region4pushNCNvXs1_B8_INtB8_16SharedMemorySinkNtB8_11StubMessageENtNtCscf8MsWp3cCb_10flyby_core4sink4Sink5writes_0ECs70JimhUohXZ_13shared_memory
FNF:28
FNH:25
DA:116,25
DA:117,25
DA:118,21
DA:129,21
DA:130,21
DA:131,21
DA:132,21
DA:133,21
DA:134,21
DA:139,21
DA:140,0
DA:141,21
DA:144,21
DA:148,21
DA:149,21
DA:150,21
DA:151,21
DA:152,21
DA:153,21
DA:154,21
DA:155,21
DA:156,21
DA:157,21
DA:158,21
DA:159,21
DA:160,21
DA:161,21
DA:169,21
DA:170,21
DA:171,21
DA:172,21
DA:175,21
DA:176,21
DA:177,21
DA:178,21
DA:179,21
DA:180,21
DA:181,21
DA:182,25
DA:184,25
DA:185,25
DA:186,2
DA:187,23
DA:188,23
DA:189,0
DA:190,23
DA:191,23
DA:192,1
DA:193,22
DA:194,22
DA:195,0
DA:196,22
DA:197,22
DA:198,1
DA:199,1
DA:200,1
DA:201,21
DA:203,21
DA:204,21
DA:205,21
DA:206,21
DA:207,21
DA:208,25
DA:216,60
DA:217,60
DA:221,60
DA:222,60
DA:225,30
DA:226,30
DA:229,30
DA:230,30
DA:240,63
DA:241,63
DA:242,3
DA:243,60
DA:244,60
DA:245,60
DA:246,60
DA:247,60
DA:250,63
DA:259,44
DA:260,44
DA:261,14
DA:262,30
DA:263,30
DA:264,30
DA:265,30
DA:266,30
DA:269,44
DA:272,1
DA:273,1
DA:274,1
DA:277,0
DA:278,0
DA:279,0
DA:282,4
DA:283,4
DA:284,4
DA:287,5
DA:288,5
DA:289,5
DA:292,1
DA:293,1
DA:294,1
DA:298,21
DA:303,21
DA:304,21
DA:305,21
DA:306,21
DA:314,4
DA:315,4
DA:316,4
DA:318,23
DA:319,22
DA:320,22
DA:321,22
DA:322,22
DA:323,23
DA:326,1
DA:327,1
DA:328,1
DA:329,1
DA:330,1
DA:333,1
DA:334,1
DA:335,1
DA:336,1
DA:339,1
DA:340,1
DA:341,1
DA:342,1
DA:345,1
DA:346,1
DA:347,1
DA:348,1
DA:349,1
DA:351,1
DA:352,1
DA:353,1
DA:354,1
DA:355,1
DA:356,1
DA:357,1
DA:358,1
DA:359,1
DA:362,1
DA:363,1
DA:364,8
DA:365,8
DA:367,1
DA:368,1
DA:369,1
DA:372,1
DA:373,1
DA:374,1
DA:375,1
DA:378,1
DA:379,1
DA:380,1
DA:382,3
DA:384,12
DA:385,12
DA:386,12
DA:388,3
DA:389,12
DA:390,12
DA:391,12
DA:392,12
DA:396,1
DA:397,1
DA:398,1
DA:401,1
DA:403,1
DA:404,1
DA:405,1
DA:406,1
DA:407,1
BRF:0
BRH:0
LF:182
LH:174
end_of_record
SF:/Users/thanos/work/flyby/crates/flyby-memory/src/ring.rs
FN:145,_RNvMs0_NtCseHB1QHhtQVt_12flyby_memory4ringNtB5_8SpscRing10commit_pop
FN:121,_RNvMs0_NtCseHB1QHhtQVt_12flyby_memory4ringNtB5_8SpscRing11commit_push
FN:161,_RNvMs0_NtCseHB1QHhtQVt_12flyby_memory4ringNtB5_8SpscRing3len
FN:74,_RNvMs0_NtCseHB1QHhtQVt_12flyby_memory4ringNtB5_8SpscRing3new
FN:92,_RNvMs0_NtCseHB1QHhtQVt_12flyby_memory4ringNtB5_8SpscRing4head
FN:97,_RNvMs0_NtCseHB1QHhtQVt_12flyby_memory4ringNtB5_8SpscRing4tail
FN:171,_RNvMs0_NtCseHB1QHhtQVt_12flyby_memory4ringNtB5_8SpscRing7is_full
FN:131,_RNvMs0_NtCseHB1QHhtQVt_12flyby_memory4ringNtB5_8SpscRing7try_pop
FN:167,_RNvMs0_NtCseHB1QHhtQVt_12flyby_memory4ringNtB5_8SpscRing8is_empty
FN:107,_RNvMs0_NtCseHB1QHhtQVt_12flyby_memory4ringNtB5_8SpscRing8try_push
FN:145,_RNvMs0_NtCs4YFPOoCgYDP_12flyby_memory4ringNtB5_8SpscRing10commit_pop
FN:121,_RNvMs0_NtCs4YFPOoCgYDP_12flyby_memory4ringNtB5_8SpscRing11commit_push
FN:161,_RNvMs0_NtCs4YFPOoCgYDP_12flyby_memory4ringNtB5_8SpscRing3len
FN:74,_RNvMs0_NtCs4YFPOoCgYDP_12flyby_memory4ringNtB5_8SpscRing3new
FN:92,_RNvMs0_NtCs4YFPOoCgYDP_12flyby_memory4ringNtB5_8SpscRing4head
FN:97,_RNvMs0_NtCs4YFPOoCgYDP_12flyby_memory4ringNtB5_8SpscRing4tail
FN:171,_RNvMs0_NtCs4YFPOoCgYDP_12flyby_memory4ringNtB5_8SpscRing7is_full
FN:131,_RNvMs0_NtCs4YFPOoCgYDP_12flyby_memory4ringNtB5_8SpscRing7try_pop
FN:152,_RNvMs0_NtCs4YFPOoCgYDP_12flyby_memory4ringNtB5_8SpscRing8capacity
FN:167,_RNvMs0_NtCs4YFPOoCgYDP_12flyby_memory4ringNtB5_8SpscRing8is_empty
FN:107,_RNvMs0_NtCs4YFPOoCgYDP_12flyby_memory4ringNtB5_8SpscRing8try_push
FN:266,_RNCNvNtNtCs4YFPOoCgYDP_12flyby_memory4ring5testss_30concurrent_spsc_no_loss_or_dup0B7_
FN:284,_RNCNvNtNtCs4YFPOoCgYDP_12flyby_memory4ring5testss_30concurrent_spsc_no_loss_or_dups0_0B7_
FN:269,_RNCNvNtNtCs4YFPOoCgYDP_12flyby_memory4ring5testss_30concurrent_spsc_no_loss_or_dups_0B7_
FN:181,_RNvNtNtCs4YFPOoCgYDP_12flyby_memory4ring5tests9make_ring
FN:237,_RNvNtNtCs4YFPOoCgYDP_12flyby_memory4ring5testss_11wrap_around
FN:250,_RNvNtNtCs4YFPOoCgYDP_12flyby_memory4ring5testss_21capacity_is_preserved
FN:214,_RNvNtNtCs4YFPOoCgYDP_12flyby_memory4ring5testss_27push_pop_sequence_monotonic
FN:256,_RNvNtNtCs4YFPOoCgYDP_12flyby_memory4ring5testss_30concurrent_spsc_no_loss_or_dup
FN:195,_RNvNtNtCs4YFPOoCgYDP_12flyby_memory4ring5testss_30empty_ring_returns_none_on_pop
FN:202,_RNvNtNtCs4YFPOoCgYDP_12flyby_memory4ring5testss_30full_ring_returns_none_on_push
FNDA:7,_RNvMs0_NtCseHB1QHhtQVt_12flyby_memory4ringNtB5_8SpscRing10commit_pop
FNDA:22,_RNvMs0_NtCseHB1QHhtQVt_12flyby_memory4ringNtB5_8SpscRing11commit_push
FNDA:2,_RNvMs0_NtCseHB1QHhtQVt_12flyby_memory4ringNtB5_8SpscRing3len
FNDA:8,_RNvMs0_NtCseHB1QHhtQVt_12flyby_memory4ringNtB5_8SpscRing3new
FNDA:86,_RNvMs0_NtCseHB1QHhtQVt_12flyby_memory4ringNtB5_8SpscRing4head
FNDA:56,_RNvMs0_NtCseHB1QHhtQVt_12flyby_memory4ringNtB5_8SpscRing4tail
FNDA:0,_RNvMs0_NtCseHB1QHhtQVt_12flyby_memory4ringNtB5_8SpscRing7is_full
FNDA:17,_RNvMs0_NtCseHB1QHhtQVt_12flyby_memory4ringNtB5_8SpscRing7try_pop
FNDA:1,_RNvMs0_NtCseHB1QHhtQVt_12flyby_memory4ringNtB5_8SpscRing8is_empty
FNDA:23,_RNvMs0_NtCseHB1QHhtQVt_12flyby_memory4ringNtB5_8SpscRing8try_push
FNDA:50035,_RNvMs0_NtCs4YFPOoCgYDP_12flyby_memory4ringNtB5_8SpscRing10commit_pop
FNDA:50054,_RNvMs0_NtCs4YFPOoCgYDP_12flyby_memory4ringNtB5_8SpscRing11commit_push
FNDA:15,_RNvMs0_NtCs4YFPOoCgYDP_12flyby_memory4ringNtB5_8SpscRing3len
FNDA:20,_RNvMs0_NtCs4YFPOoCgYDP_12flyby_memory4ringNtB5_8SpscRing3new
FNDA:208260,_RNvMs0_NtCs4YFPOoCgYDP_12flyby_memory4ringNtB5_8SpscRing4head
FNDA:208222,_RNvMs0_NtCs4YFPOoCgYDP_12flyby_memory4ringNtB5_8SpscRing4tail
FNDA:2,_RNvMs0_NtCs4YFPOoCgYDP_12flyby_memory4ringNtB5_8SpscRing7is_full
FNDA:58080,_RNvMs0_NtCs4YFPOoCgYDP_12flyby_memory4ringNtB5_8SpscRing7try_pop
FNDA:1,_RNvMs0_NtCs4YFPOoCgYDP_12flyby_memory4ringNtB5_8SpscRing8capacity
FNDA:6,_RNvMs0_NtCs4YFPOoCgYDP_12flyby_memory4ringNtB5_8SpscRing8is_empty
FNDA:50057,_RNvMs0_NtCs4YFPOoCgYDP_12flyby_memory4ringNtB5_8SpscRing8try_push
FNDA:1024,_RNCNvNtNtCs4YFPOoCgYDP_12flyby_memory4ring5testss_30concurrent_spsc_no_loss_or_dup0B7_
FNDA:1,_RNCNvNtNtCs4YFPOoCgYDP_12flyby_memory4ring5testss_30concurrent_spsc_no_loss_or_dups0_0B7_
FNDA:1,_RNCNvNtNtCs4YFPOoCgYDP_12flyby_memory4ring5testss_30concurrent_spsc_no_loss_or_dups_0B7_
FNDA:5,_RNvNtNtCs4YFPOoCgYDP_12flyby_memory4ring5tests9make_ring
FNDA:1,_RNvNtNtCs4YFPOoCgYDP_12flyby_memory4ring5testss_11wrap_around
FNDA:1,_RNvNtNtCs4YFPOoCgYDP_12flyby_memory4ring5testss_21capacity_is_preserved
FNDA:1,_RNvNtNtCs4YFPOoCgYDP_12flyby_memory4ring5testss_27push_pop_sequence_monotonic
FNDA:1,_RNvNtNtCs4YFPOoCgYDP_12flyby_memory4ring5testss_30concurrent_spsc_no_loss_or_dup
FNDA:1,_RNvNtNtCs4YFPOoCgYDP_12flyby_memory4ring5testss_30empty_ring_returns_none_on_pop
FNDA:1,_RNvNtNtCs4YFPOoCgYDP_12flyby_memory4ring5testss_30full_ring_returns_none_on_push
FNF:21
FNH:21
DA:74,28
DA:75,28
DA:76,28
DA:77,28
DA:78,28
DA:79,28
DA:80,28
DA:83,28
DA:84,28
DA:85,28
DA:86,28
DA:87,28
DA:88,28
DA:89,28
DA:90,28
DA:92,208346
DA:94,208346
DA:95,208346
DA:97,208278
DA:99,208278
DA:100,208278
DA:107,50080
DA:108,50080
DA:109,50080
DA:110,50080
DA:111,4
DA:112,50076
DA:113,50076
DA:114,50080
DA:121,50076
DA:122,50076
DA:123,50076
DA:124,50076
DA:131,58097
DA:132,58097
DA:133,58097
DA:134,58097
DA:135,8055
DA:136,50042
DA:137,50042
DA:138,58097
DA:145,50042
DA:146,50042
DA:147,50042
DA:148,50042
DA:152,1
DA:153,1
DA:154,1
DA:161,17
DA:162,17
DA:163,17
DA:164,17
DA:165,17
DA:167,7
DA:168,7
DA:169,7
DA:171,2
DA:172,2
DA:173,2
DA:181,5
DA:182,5
DA:183,5
DA:184,5
DA:185,5
DA:186,5
DA:187,5
DA:188,5
DA:191,5
DA:192,5
DA:195,1
DA:196,1
DA:197,1
DA:198,1
DA:199,1
DA:202,1
DA:203,1
DA:204,1
DA:205,4
DA:206,4
DA:207,4
DA:209,1
DA:210,1
DA:211,1
DA:214,1
DA:215,1
DA:216,1
DA:217,1
DA:219,4
DA:220,4
DA:221,4
DA:222,4
DA:223,4
DA:226,4
DA:227,4
DA:228,4
DA:229,4
DA:230,4
DA:232,1
DA:233,1
DA:234,1
DA:237,1
DA:238,1
DA:240,1
DA:241,8
DA:242,8
DA:243,8
DA:244,8
DA:245,8
DA:247,1
DA:250,1
DA:251,1
DA:252,1
DA:253,1
DA:256,1
DA:263,1
DA:264,1
DA:266,1024
DA:268,1
DA:269,1
DA:270,1
DA:271,50000
DA:273,50000
DA:274,50000
DA:275,50000
DA:276,50000
DA:277,0
DA:278,0
DA:281,1
DA:283,1
DA:284,1
DA:285,1
DA:286,1
DA:287,58041
DA:288,58040
DA:289,50000
DA:290,50000
DA:291,50000
DA:292,8040
DA:293,8040
DA:295,1
DA:296,1
DA:298,1
DA:299,1
DA:300,1
DA:301,1
DA:305,1
BRF:0
BRH:0
LF:149
LH:147
end_of_record
SF:/Users/thanos/work/flyby/crates/flyby-memory/src/slot.rs
FN:97,_RNvMNtCseHB1QHhtQVt_12flyby_memory4slotNtB2_10SlotHeader3new
FN:116,_RNvMNtCseHB1QHhtQVt_12flyby_memory4slotNtB2_10SlotHeader8is_valid
FN:62,_RNvNtCseHB1QHhtQVt_12flyby_memory4slot15slot_size_const
FN:176,_RNvNtCseHB1QHhtQVt_12flyby_memory4slot6decode
FN:136,_RNvNtCseHB1QHhtQVt_12flyby_memory4slot6encode
FN:50,_RNvNtCseHB1QHhtQVt_12flyby_memory4slot9slot_size
FN:53,_RNCNvNtCseHB1QHhtQVt_12flyby_memory4slot9slot_size0B5_
FN:56,_RNCNvNtCseHB1QHhtQVt_12flyby_memory4slot9slot_sizes_0B5_
FN:206,_RNvNtNtCs4YFPOoCgYDP_12flyby_memory4slot5tests11make_header
FN:211,_RNvNtNtCs4YFPOoCgYDP_12flyby_memory4slot5testss_17header_size_is_32
FN:279,_RNvNtNtCs4YFPOoCgYDP_12flyby_memory4slot5testss_18flag_missing_valid
FN:272,_RNvNtNtCs4YFPOoCgYDP_12flyby_memory4slot5testss_22flag_valid_and_suspect
FN:226,_RNvNtNtCs4YFPOoCgYDP_12flyby_memory4slot5testss_23encode_decode_roundtrip
FN:252,_RNvNtNtCs4YFPOoCgYDP_12flyby_memory4slot5testss_24decode_rejects_bad_magic
FN:246,_RNvNtNtCs4YFPOoCgYDP_12flyby_memory4slot5testss_24decode_rejects_short_src
FN:239,_RNvNtNtCs4YFPOoCgYDP_12flyby_memory4slot5testss_24encode_rejects_short_dst
FN:261,_RNvNtNtCs4YFPOoCgYDP_12flyby_memory4slot5testss_30decode_rejects_payload_overrun
FN:216,_RNvNtNtCs4YFPOoCgYDP_12flyby_memory4slot5testss_30slot_size_rounds_to_cache_line
FN:53,_RNCNvNtCs4YFPOoCgYDP_12flyby_memory4slot9slot_size0B5_
FN:56,_RNCNvNtCs4YFPOoCgYDP_12flyby_memory4slot9slot_sizes_0B5_
FN:97,_RNvMNtCs4YFPOoCgYDP_12flyby_memory4slotNtB2_10SlotHeader3new
FN:116,_RNvMNtCs4YFPOoCgYDP_12flyby_memory4slotNtB2_10SlotHeader8is_valid
FN:62,_RNvNtCs4YFPOoCgYDP_12flyby_memory4slot15slot_size_const
FN:176,_RNvNtCs4YFPOoCgYDP_12flyby_memory4slot6decode
FN:136,_RNvNtCs4YFPOoCgYDP_12flyby_memory4slot6encode
FN:50,_RNvNtCs4YFPOoCgYDP_12flyby_memory4slot9slot_size
FNDA:23,_RNvMNtCseHB1QHhtQVt_12flyby_memory4slotNtB2_10SlotHeader3new
FNDA:0,_RNvMNtCseHB1QHhtQVt_12flyby_memory4slotNtB2_10SlotHeader8is_valid
FNDA:0,_RNvNtCseHB1QHhtQVt_12flyby_memory4slot15slot_size_const
FNDA:6,_RNvNtCseHB1QHhtQVt_12flyby_memory4slot6decode
FNDA:22,_RNvNtCseHB1QHhtQVt_12flyby_memory4slot6encode
FNDA:8,_RNvNtCseHB1QHhtQVt_12flyby_memory4slot9slot_size
FNDA:0,_RNCNvNtCseHB1QHhtQVt_12flyby_memory4slot9slot_size0B5_
FNDA:0,_RNCNvNtCseHB1QHhtQVt_12flyby_memory4slot9slot_sizes_0B5_
FNDA:3,_RNvNtNtCs4YFPOoCgYDP_12flyby_memory4slot5tests11make_header
FNDA:1,_RNvNtNtCs4YFPOoCgYDP_12flyby_memory4slot5testss_17header_size_is_32
FNDA:1,_RNvNtNtCs4YFPOoCgYDP_12flyby_memory4slot5testss_18flag_missing_valid
FNDA:1,_RNvNtNtCs4YFPOoCgYDP_12flyby_memory4slot5testss_22flag_valid_and_suspect
FNDA:1,_RNvNtNtCs4YFPOoCgYDP_12flyby_memory4slot5testss_23encode_decode_roundtrip
FNDA:1,_RNvNtNtCs4YFPOoCgYDP_12flyby_memory4slot5testss_24decode_rejects_bad_magic
FNDA:1,_RNvNtNtCs4YFPOoCgYDP_12flyby_memory4slot5testss_24decode_rejects_short_src
FNDA:1,_RNvNtNtCs4YFPOoCgYDP_12flyby_memory4slot5testss_24encode_rejects_short_dst
FNDA:1,_RNvNtNtCs4YFPOoCgYDP_12flyby_memory4slot5testss_30decode_rejects_payload_overrun
FNDA:1,_RNvNtNtCs4YFPOoCgYDP_12flyby_memory4slot5testss_30slot_size_rounds_to_cache_line
FNDA:0,_RNCNvNtCs4YFPOoCgYDP_12flyby_memory4slot9slot_size0B5_
FNDA:0,_RNCNvNtCs4YFPOoCgYDP_12flyby_memory4slot9slot_sizes_0B5_
FNDA:46,_RNvMNtCs4YFPOoCgYDP_12flyby_memory4slotNtB2_10SlotHeader3new
FNDA:2,_RNvMNtCs4YFPOoCgYDP_12flyby_memory4slotNtB2_10SlotHeader8is_valid
FNDA:1,_RNvNtCs4YFPOoCgYDP_12flyby_memory4slot15slot_size_const
FNDA:26,_RNvNtCs4YFPOoCgYDP_12flyby_memory4slot6decode
FNDA:42,_RNvNtCs4YFPOoCgYDP_12flyby_memory4slot6encode
FNDA:17,_RNvNtCs4YFPOoCgYDP_12flyby_memory4slot9slot_size
FNF:18
FNH:16
DA:50,25
DA:51,25
DA:52,25
DA:53,25
DA:54,25
DA:55,25
DA:56,25
DA:57,25
DA:58,25
DA:59,25
DA:62,1
DA:63,1
DA:64,1
DA:65,1
DA:97,69
DA:98,69
DA:99,69
DA:100,69
DA:101,69
DA:102,69
DA:103,69
DA:104,69
DA:105,69
DA:106,69
DA:107,69
DA:108,69
DA:109,69
DA:110,69
DA:111,69
DA:112,69
DA:113,69
DA:116,2
DA:117,2
DA:118,2
DA:136,64
DA:137,64
DA:138,64
DA:139,1
DA:140,1
DA:141,1
DA:142,1
DA:143,63
DA:145,63
DA:146,63
DA:147,63
DA:148,63
DA:149,63
DA:150,63
DA:151,63
DA:152,63
DA:153,63
DA:154,64
DA:176,32
DA:177,32
DA:178,1
DA:179,1
DA:180,1
DA:181,1
DA:182,31
DA:184,31
DA:185,31
DA:186,31
DA:187,31
DA:189,31
DA:190,1
DA:191,30
DA:192,30
DA:193,30
DA:194,1
DA:195,1
DA:196,1
DA:197,1
DA:198,29
DA:199,29
DA:200,32
DA:206,3
DA:207,3
DA:208,3
[...]
DA:300,110
DA:301,110
DA:302,110
DA:303,110
DA:304,110
DA:305,110
DA:306,110
DA:307,110
DA:308,220
DA:316,1
DA:317,1
DA:318,1
DA:319,1
DA:320,1
DA:321,1
DA:322,1
DA:323,1
DA:326,1
DA:327,1
DA:328,1
DA:329,1
DA:330,1
DA:331,1
DA:332,1
DA:333,1
DA:336,1
DA:337,1
DA:338,1
DA:339,1
DA:340,1
DA:341,1
DA:342,1
DA:343,1
DA:344,1
DA:347,1
DA:348,1
DA:349,1
DA:350,1
DA:351,1
DA:352,1
DA:353,1
DA:354,1
DA:355,1
DA:356,1
DA:357,1
DA:360,1
DA:361,1
DA:362,1
DA:363,1
DA:364,1
DA:365,1
DA:366,1
DA:367,1
DA:370,1
DA:371,1
DA:372,1
DA:373,1
DA:376,1
DA:379,1
DA:380,1
DA:381,1
DA:382,1
DA:385,1
DA:386,1
DA:387,1
DA:388,1
DA:389,1
DA:390,1
DA:391,1
DA:392,1
DA:393,1
DA:394,1
DA:395,1
DA:396,1
DA:397,1
DA:398,1
DA:399,1
DA:400,1
DA:401,1
DA:402,1
DA:405,1
DA:406,1
DA:407,1
DA:408,1
DA:409,1
DA:410,1
DA:411,1
DA:412,1
DA:413,1
DA:414,10
DA:415,10
DA:416,10
DA:417,1
DA:418,1
DA:421,1
DA:422,1
DA:423,1
DA:424,1
DA:425,1
DA:426,1
DA:427,1
DA:428,1
DA:429,1
DA:430,1
DA:431,1
DA:432,1
DA:433,1
DA:434,1
DA:435,1
DA:436,100
DA:437,100
DA:438,100
DA:439,100
DA:440,100
DA:443,1
DA:444,1
BRF:0
BRH:0
LF:268
LH:252
end_of_record
SF:/Users/thanos/work/flyby/simulator/src/tui/app.rs
FN:434,_RNCNCNvNtNtCs6vtiqiiMncD_15flyby_simulator3tui3app19run_dashboard_inner00B9_
FN:290,_RNCNvMs0_NtNtCs6vtiqiiMncD_15flyby_simulator3tui3appNtB7_9Dashboard8snapshot0Bb_
FN:431,_RNCNvNtNtCs6vtiqiiMncD_15flyby_simulator3tui3app19run_dashboard_inner0B7_
FN:212,_RNvMs0_NtNtCs6vtiqiiMncD_15flyby_simulator3tui3appNtB5_9Dashboard10auto_ticks
FN:296,_RNvMs0_NtNtCs6vtiqiiMncD_15flyby_simulator3tui3appNtB5_9Dashboard10handle_key
FN:144,_RNvMs0_NtNtCs6vtiqiiMncD_15flyby_simulator3tui3appNtB5_9Dashboard11from_source
FN:140,_RNvMs0_NtNtCs6vtiqiiMncD_15flyby_simulator3tui3appNtB5_9Dashboard12new_compiled
FN:240,_RNvMs0_NtNtCs6vtiqiiMncD_15flyby_simulator3tui3appNtB5_9Dashboard14refresh_events
FN:225,_RNvMs0_NtNtCs6vtiqiiMncD_15flyby_simulator3tui3appNtB5_9Dashboard19ingest_tick_samples
FN:136,_RNvMs0_NtNtCs6vtiqiiMncD_15flyby_simulator3tui3appNtB5_9Dashboard3new
FN:168,_RNvMs0_NtNtCs6vtiqiiMncD_15flyby_simulator3tui3appNtB5_9Dashboard7restart
FN:276,_RNvMs0_NtNtCs6vtiqiiMncD_15flyby_simulator3tui3appNtB5_9Dashboard8snapshot
FN:188,_RNvMs0_NtNtCs6vtiqiiMncD_15flyby_simulator3tui3appNtB5_9Dashboard9step_once
FN:119,_RNvMs_NtNtCs6vtiqiiMncD_15flyby_simulator3tui3appNtB4_10DashSource5build
FN:112,_RNvMs_NtNtCs6vtiqiiMncD_15flyby_simulator3tui3appNtB4_10DashSource8scenario
FN:346,_RNvNtNtCs6vtiqiiMncD_15flyby_simulator3tui3app12format_event
FN:412,_RNvNtNtCs6vtiqiiMncD_15flyby_simulator3tui3app13run_dashboard
FN:421,_RNvNtNtCs6vtiqiiMncD_15flyby_simulator3tui3app19run_dashboard_inner
FN:417,_RNvNtNtCs6vtiqiiMncD_15flyby_simulator3tui3app22run_dashboard_compiled
FN:366,_RNvNtNtCs6vtiqiiMncD_15flyby_simulator3tui3app23build_scheduler_builtin
FN:460,_RNvNtNtCs6vtiqiiMncD_15flyby_simulator3tui3app6io_err
FN:338,_RNvNtNtCs6vtiqiiMncD_15flyby_simulator3tui3app9push_hist
FN:69,_RNvXNtNtCs6vtiqiiMncD_15flyby_simulator3tui3appNtB2_9DashStateNtNtCsl8K0bEFm1U0_4core7default7Default7default
FN:290,_RNCNvMs0_NtNtCsgBpleClnEuB_15flyby_simulator3tui3appNtB7_9Dashboard8snapshot0Bb_
FN:144,_RNvMs0_NtNtCsgBpleClnEuB_15flyby_simulator3tui3appNtB5_9Dashboard11from_source
FN:240,_RNvMs0_NtNtCsgBpleClnEuB_15flyby_simulator3tui3appNtB5_9Dashboard14refresh_events
FN:225,_RNvMs0_NtNtCsgBpleClnEuB_15flyby_simulator3tui3appNtB5_9Dashboard19ingest_tick_samples
FN:136,_RNvMs0_NtNtCsgBpleClnEuB_15flyby_simulator3tui3appNtB5_9Dashboard3new
FN:276,_RNvMs0_NtNtCsgBpleClnEuB_15flyby_simulator3tui3appNtB5_9Dashboard8snapshot
FN:188,_RNvMs0_NtNtCsgBpleClnEuB_15flyby_simulator3tui3appNtB5_9Dashboard9step_once
FN:119,_RNvMs_NtNtCsgBpleClnEuB_15flyby_simulator3tui3appNtB4_10DashSource5build
FN:112,_RNvMs_NtNtCsgBpleClnEuB_15flyby_simulator3tui3appNtB4_10DashSource8scenario
FN:346,_RNvNtNtCsgBpleClnEuB_15flyby_simulator3tui3app12format_event
FN:366,_RNvNtNtCsgBpleClnEuB_15flyby_simulator3tui3app23build_scheduler_builtin
FN:338,_RNvNtNtCsgBpleClnEuB_15flyby_simulator3tui3app9push_hist
FN:493,_RNvNtNtNtCsgBpleClnEuB_15flyby_simulator3tui3app5testss_23dashboard_step_advances
FN:480,_RNvNtNtNtCsgBpleClnEuB_15flyby_simulator3tui3app5testss_26format_event_includes_drop
FN:470,_RNvNtNtNtCsgBpleClnEuB_15flyby_simulator3tui3app5testss_27build_scheduler_arms_paused
FN:434,_RNCNCNvNtNtCsgBpleClnEuB_15flyby_simulator3tui3app19run_dashboard_inner00B9_
FN:431,_RNCNvNtNtCsgBpleClnEuB_15flyby_simulator3tui3app19run_dashboard_inner0B7_
FN:212,_RNvMs0_NtNtCsgBpleClnEuB_15flyby_simulator3tui3appNtB5_9Dashboard10auto_ticks
FN:296,_RNvMs0_NtNtCsgBpleClnEuB_15flyby_simulator3tui3appNtB5_9Dashboard10handle_key
FN:140,_RNvMs0_NtNtCsgBpleClnEuB_15flyby_simulator3tui3appNtB5_9Dashboard12new_compiled
FN:168,_RNvMs0_NtNtCsgBpleClnEuB_15flyby_simulator3tui3appNtB5_9Dashboard7restart
FN:412,_RNvNtNtCsgBpleClnEuB_15flyby_simulator3tui3app13run_dashboard
FN:421,_RNvNtNtCsgBpleClnEuB_15flyby_simulator3tui3app19run_dashboard_inner
FN:417,_RNvNtNtCsgBpleClnEuB_15flyby_simulator3tui3app22run_dashboard_compiled
FN:460,_RNvNtNtCsgBpleClnEuB_15flyby_simulator3tui3app6io_err
FN:69,_RNvXNtNtCsgBpleClnEuB_15flyby_simulator3tui3appNtB2_9DashStateNtNtCsl8K0bEFm1U0_4core7default7Default7default
FNDA:0,_RNCNCNvNtNtCs6vtiqiiMncD_15flyby_simulator3tui3app19run_dashboard_inner00B9_
FNDA:0,_RNCNvMs0_NtNtCs6vtiqiiMncD_15flyby_simulator3tui3appNtB7_9Dashboard8snapshot0Bb_
FNDA:0,_RNCNvNtNtCs6vtiqiiMncD_15flyby_simulator3tui3app19run_dashboard_inner0B7_
FNDA:0,_RNvMs0_NtNtCs6vtiqiiMncD_15flyby_simulator3tui3appNtB5_9Dashboard10auto_ticks
FNDA:0,_RNvMs0_NtNtCs6vtiqiiMncD_15flyby_simulator3tui3appNtB5_9Dashboard10handle_key
FNDA:0,_RNvMs0_NtNtCs6vtiqiiMncD_15flyby_simulator3tui3appNtB5_9Dashboard11from_source
FNDA:0,_RNvMs0_NtNtCs6vtiqiiMncD_15flyby_simulator3tui3appNtB5_9Dashboard12new_compiled
FNDA:0,_RNvMs0_NtNtCs6vtiqiiMncD_15flyby_simulator3tui3appNtB5_9Dashboard14refresh_events
FNDA:0,_RNvMs0_NtNtCs6vtiqiiMncD_15flyby_simulator3tui3appNtB5_9Dashboard19ingest_tick_samples
FNDA:0,_RNvMs0_NtNtCs6vtiqiiMncD_15flyby_simulator3tui3appNtB5_9Dashboard3new
FNDA:0,_RNvMs0_NtNtCs6vtiqiiMncD_15flyby_simulator3tui3appNtB5_9Dashboard7restart
FNDA:0,_RNvMs0_NtNtCs6vtiqiiMncD_15flyby_simulator3tui3appNtB5_9Dashboard8snapshot
FNDA:0,_RNvMs0_NtNtCs6vtiqiiMncD_15flyby_simulator3tui3appNtB5_9Dashboard9step_once
FNDA:0,_RNvMs_NtNtCs6vtiqiiMncD_15flyby_simulator3tui3appNtB4_10DashSource5build
FNDA:0,_RNvMs_NtNtCs6vtiqiiMncD_15flyby_simulator3tui3appNtB4_10DashSource8scenario
FNDA:0,_RNvNtNtCs6vtiqiiMncD_15flyby_simulator3tui3app12format_event
FNDA:0,_RNvNtNtCs6vtiqiiMncD_15flyby_simulator3tui3app13run_dashboard
FNDA:0,_RNvNtNtCs6vtiqiiMncD_15flyby_simulator3tui3app19run_dashboard_inner
FNDA:0,_RNvNtNtCs6vtiqiiMncD_15flyby_simulator3tui3app22run_dashboard_compiled
FNDA:0,_RNvNtNtCs6vtiqiiMncD_15flyby_simulator3tui3app23build_scheduler_builtin
FNDA:0,_RNvNtNtCs6vtiqiiMncD_15flyby_simulator3tui3app6io_err
FNDA:0,_RNvNtNtCs6vtiqiiMncD_15flyby_simulator3tui3app9push_hist
FNDA:0,_RNvXNtNtCs6vtiqiiMncD_15flyby_simulator3tui3appNtB2_9DashStateNtNtCsl8K0bEFm1U0_4core7default7Default7default
FNDA:1,_RNCNvMs0_NtNtCsgBpleClnEuB_15flyby_simulator3tui3appNtB7_9Dashboard8snapshot0Bb_
FNDA:2,_RNvMs0_NtNtCsgBpleClnEuB_15flyby_simulator3tui3appNtB5_9Dashboard11from_source
FNDA:3,_RNvMs0_NtNtCsgBpleClnEuB_15flyby_simulator3tui3appNtB5_9Dashboard14refresh_events
FNDA:1,_RNvMs0_NtNtCsgBpleClnEuB_15flyby_simulator3tui3appNtB5_9Dashboard19ingest_tick_samples
FNDA:2,_RNvMs0_NtNtCsgBpleClnEuB_15flyby_simulator3tui3appNtB5_9Dashboard3new
FNDA:2,_RNvMs0_NtNtCsgBpleClnEuB_15flyby_simulator3tui3appNtB5_9Dashboard8snapshot
FNDA:1,_RNvMs0_NtNtCsgBpleClnEuB_15flyby_simulator3tui3appNtB5_9Dashboard9step_once
FNDA:2,_RNvMs_NtNtCsgBpleClnEuB_15flyby_simulator3tui3appNtB4_10DashSource5build
FNDA:4,_RNvMs_NtNtCsgBpleClnEuB_15flyby_simulator3tui3appNtB4_10DashSource8scenario
FNDA:306,_RNvNtNtCsgBpleClnEuB_15flyby_simulator3tui3app12format_event
FNDA:3,_RNvNtNtCsgBpleClnEuB_15flyby_simulator3tui3app23build_scheduler_builtin
FNDA:2,_RNvNtNtCsgBpleClnEuB_15flyby_simulator3tui3app9push_hist
FNDA:1,_RNvNtNtNtCsgBpleClnEuB_15flyby_simulator3tui3app5testss_23dashboard_step_advances
FNDA:1,_RNvNtNtNtCsgBpleClnEuB_15flyby_simulator3tui3app5testss_26format_event_includes_drop
FNDA:1,_RNvNtNtNtCsgBpleClnEuB_15flyby_simulator3tui3app5testss_27build_scheduler_arms_paused
FNDA:0,_RNCNCNvNtNtCsgBpleClnEuB_15flyby_simulator3tui3app19run_dashboard_inner00B9_
FNDA:0,_RNCNvNtNtCsgBpleClnEuB_15flyby_simulator3tui3app19run_dashboard_inner0B7_
FNDA:0,_RNvMs0_NtNtCsgBpleClnEuB_15flyby_simulator3tui3appNtB5_9Dashboard10auto_ticks
FNDA:0,_RNvMs0_NtNtCsgBpleClnEuB_15flyby_simulator3tui3appNtB5_9Dashboard10handle_key
FNDA:0,_RNvMs0_NtNtCsgBpleClnEuB_15flyby_simulator3tui3appNtB5_9Dashboard12new_compiled
FNDA:0,_RNvMs0_NtNtCsgBpleClnEuB_15flyby_simulator3tui3appNtB5_9Dashboard7restart
FNDA:0,_RNvNtNtCsgBpleClnEuB_15flyby_simulator3tui3app13run_dashboard
FNDA:0,_RNvNtNtCsgBpleClnEuB_15flyby_simulator3tui3app19run_dashboard_inner
FNDA:0,_RNvNtNtCsgBpleClnEuB_15flyby_simulator3tui3app22run_dashboard_compiled
FNDA:0,_RNvNtNtCsgBpleClnEuB_15flyby_simulator3tui3app6io_err
FNDA:0,_RNvXNtNtCsgBpleClnEuB_15flyby_simulator3tui3appNtB2_9DashStateNtNtCsl8K0bEFm1U0_4core7default7Default7default
FNF:26
FNH:15
DA:69,0
DA:70,0
DA:71,0
DA:72,0
DA:73,0
DA:74,0
DA:75,0
DA:76,0
DA:77,0
DA:78,0
DA:79,0
DA:80,0
DA:81,0
DA:82,0
DA:83,0
DA:84,0
DA:85,0
DA:86,0
DA:87,0
DA:112,4
DA:113,4
DA:114,4
DA:115,0
DA:117,4
DA:119,2
DA:120,2
DA:121,2
DA:122,0
DA:123,0
DA:125,0
DA:126,0
DA:129,2
DA:136,2
DA:137,2
DA:138,2
DA:140,0
DA:141,0
DA:142,0
DA:144,2
DA:145,2
DA:146,2
DA:147,2
DA:148,2
DA:149,2
DA:150,2
DA:151,2
DA:152,2
DA:153,2
DA:154,2
DA:155,2
DA:156,2
DA:157,2
DA:158,2
DA:159,2
DA:160,2
DA:162,2
DA:163,2
DA:164,2
DA:165,2
DA:166,2
DA:168,0
DA:169,0
DA:170,0
DA:171,0
DA:172,0
DA:173,0
DA:174,0
DA:175,0
DA:176,0
DA:177,0
DA:178,0
DA:179,0
DA:180,0
DA:181,0
DA:182,0
DA:183,0
DA:184,0
DA:185,0
DA:186,0
DA:188,1
DA:189,1
DA:190,0
DA:191,0
DA:192,1
DA:194,1
DA:195,1
DA:196,1
DA:197,1
DA:198,1
DA:199,0
DA:200,0
DA:201,0
DA:202,0
DA:203,0
DA:204,0
DA:205,0
DA:206,0
DA:207,0
DA:208,1
DA:209,1
DA:210,1
DA:212,0
DA:213,0
DA:214,0
DA:215,0
DA:216,0
DA:217,0
DA:218,0
DA:219,0
DA:220,0
DA:222,0
DA:223,0
DA:225,1
DA:226,1
DA:227,1
DA:228,1
DA:229,1
DA:232,1
DA:233,301
DA:234,301
DA:235,1
DA:236,300
DA:238,1
DA:240,3
DA:241,3
DA:242,3
DA:243,3
DA:244,305
DA:245,305
DA:246,0
DA:247,0
DA:254,0
DA:255,305
DA:257,5
DA:258,305
DA:262,300
DA:264,0
DA:265,305
DA:266,305
DA:268,3
DA:269,1
DA:270,1
DA:271,2
DA:272,3
DA:273,3
DA:274,3
DA:276,2
DA:278,2
DA:279,2
DA:280,2
DA:281,2
DA:282,2
DA:283,2
DA:284,2
DA:285,2
DA:286,2
DA:287,2
DA:288,2
DA:289,2
DA:290,2
DA:291,2
DA:292,2
DA:294,2
DA:296,0
DA:298,0
DA:299,0
DA:300,0
DA:302,0
DA:303,0
DA:304,0
DA:305,0
DA:306,0
DA:307,0
DA:308,0
DA:309,0
DA:310,0
DA:311,0
DA:312,0
DA:315,0
DA:316,0
DA:317,0
DA:318,0
DA:319,0
DA:321,0
DA:322,0
DA:323,0
DA:324,0
DA:325,0
DA:326,0
DA:327,0
DA:328,0
DA:330,0
DA:332,0
DA:334,0
DA:335,0
DA:338,2
DA:339,2
DA:340,2
DA:341,0
DA:342,0
DA:343,2
DA:344,2
DA:346,306
DA:347,306
DA:348,306
DA:349,100
DA:350,100
DA:352,1
DA:353,0
DA:354,100
DA:355,100
DA:356,0
DA:357,1
DA:358,1
DA:360,4
DA:361,0
DA:362,0
DA:364,306
DA:366,3
DA:367,3
DA:368,3
DA:369,3
DA:370,3
DA:371,3
DA:372,3
DA:373,3
DA:374,3
DA:375,3
DA:376,3
DA:377,3
DA:378,3
DA:379,3
DA:380,3
DA:381,3
DA:382,3
DA:383,3
DA:384,3
DA:385,3
DA:386,3
DA:387,3
DA:388,3
DA:391,3
DA:392,3
DA:393,3
DA:394,3
DA:396,3
DA:397,3
DA:398,3
DA:399,3
DA:400,3
DA:401,3
DA:402,3
DA:403,3
DA:404,0
DA:405,3
DA:406,3
DA:407,3
DA:408,3
DA:409,3
DA:412,0
DA:413,0
DA:414,0
DA:417,0
DA:418,0
DA:419,0
DA:421,0
DA:422,0
DA:423,0
DA:424,0
DA:425,0
DA:426,0
DA:428,0
DA:429,0
DA:431,0
DA:433,0
DA:434,0
DA:435,0
DA:437,0
DA:438,0
DA:439,0
DA:440,0
DA:441,0
DA:443,0
DA:444,0
DA:446,0
DA:447,0
DA:448,0
DA:449,0
DA:451,0
DA:454,0
DA:455,0
DA:456,0
DA:457,0
DA:458,0
DA:460,0
DA:461,0
DA:462,0
DA:470,1
DA:471,1
DA:472,1
DA:473,1
DA:474,1
DA:475,1
DA:476,1
DA:477,1
DA:480,1
DA:481,1
DA:482,1
DA:483,1
DA:484,1
DA:485,1
DA:486,1
DA:487,1
DA:488,1
DA:489,1
DA:490,1
DA:493,1
DA:494,1
DA:495,1
DA:496,1
DA:497,1
DA:498,1
DA:499,1
DA:500,1
DA:501,1
DA:502,1
DA:503,1
DA:504,1
DA:505,1
BRF:0
BRH:0
LF:332
LH:181
end_of_record
SF:/Users/thanos/work/flyby/simulator/src/tui/snapshot.rs
FN:94,_RNCNvNtNtCs6vtiqiiMncD_15flyby_simulator3tui8snapshot10xml_escape0B7_
FN:26,_RNCNvNtNtCs6vtiqiiMncD_15flyby_simulator3tui8snapshot17render_text_frame0B7_
FN:32,_RNCNvNtNtCs6vtiqiiMncD_15flyby_simulator3tui8snapshot17render_text_frames0_0B7_
FN:31,_RNCNvNtNtCs6vtiqiiMncD_15flyby_simulator3tui8snapshot17render_text_frames_0B7_
FN:53,_RNCNvNtNtCs6vtiqiiMncD_15flyby_simulator3tui8snapshot17text_frame_to_svg0B7_
FN:40,_RNCNvNtNtCs6vtiqiiMncD_15flyby_simulator3tui8snapshot18clean_backend_text0B7_
FN:26,_RNCNvNtNtCsgBpleClnEuB_15flyby_simulator3tui8snapshot17render_text_frame0B7_
FN:32,_RNCNvNtNtCsgBpleClnEuB_15flyby_simulator3tui8snapshot17render_text_frames0_0B7_
FN:31,_RNCNvNtNtCsgBpleClnEuB_15flyby_simulator3tui8snapshot17render_text_frames_0B7_
FN:40,_RNCNvNtNtCsgBpleClnEuB_15flyby_simulator3tui8snapshot18clean_backend_text0B7_
FN:12,_RNvNtNtCsgBpleClnEuB_15flyby_simulator3tui8snapshot17render_text_frame
FN:38,_RNvNtNtCsgBpleClnEuB_15flyby_simulator3tui8snapshot18clean_backend_text
FN:111,_RNvNtNtNtCsgBpleClnEuB_15flyby_simulator3tui8snapshot5testss_37render_paused_frame_contains_scenario
FN:94,_RNCNvNtNtCsgBpleClnEuB_15flyby_simulator3tui8snapshot10xml_escape0B7_
FN:53,_RNCNvNtNtCsgBpleClnEuB_15flyby_simulator3tui8snapshot17text_frame_to_svg0B7_
FN:92,_RNvNtNtCsgBpleClnEuB_15flyby_simulator3tui8snapshot10xml_escape
FN:51,_RNvNtNtCsgBpleClnEuB_15flyby_simulator3tui8snapshot17text_frame_to_svg
FNDA:0,_RNCNvNtNtCs6vtiqiiMncD_15flyby_simulator3tui8snapshot10xml_escape0B7_
FNDA:0,_RNCNvNtNtCs6vtiqiiMncD_15flyby_simulator3tui8snapshot17render_text_frame0B7_
FNDA:0,_RNCNvNtNtCs6vtiqiiMncD_15flyby_simulator3tui8snapshot17render_text_frames0_0B7_
FNDA:0,_RNCNvNtNtCs6vtiqiiMncD_15flyby_simulator3tui8snapshot17render_text_frames_0B7_
FNDA:0,_RNCNvNtNtCs6vtiqiiMncD_15flyby_simulator3tui8snapshot17text_frame_to_svg0B7_
FNDA:0,_RNCNvNtNtCs6vtiqiiMncD_15flyby_simulator3tui8snapshot18clean_backend_text0B7_
FNDA:0,_RNCNvNtNtCsgBpleClnEuB_15flyby_simulator3tui8snapshot17render_text_frame0B7_
FNDA:0,_RNCNvNtNtCsgBpleClnEuB_15flyby_simulator3tui8snapshot17render_text_frames0_0B7_
FNDA:1,_RNCNvNtNtCsgBpleClnEuB_15flyby_simulator3tui8snapshot17render_text_frames_0B7_
FNDA:28,_RNCNvNtNtCsgBpleClnEuB_15flyby_simulator3tui8snapshot18clean_backend_text0B7_
FNDA:1,_RNvNtNtCsgBpleClnEuB_15flyby_simulator3tui8snapshot17render_text_frame
FNDA:1,_RNvNtNtCsgBpleClnEuB_15flyby_simulator3tui8snapshot18clean_backend_text
FNDA:1,_RNvNtNtNtCsgBpleClnEuB_15flyby_simulator3tui8snapshot5testss_37render_paused_frame_contains_scenario
FNDA:0,_RNCNvNtNtCsgBpleClnEuB_15flyby_simulator3tui8snapshot10xml_escape0B7_
FNDA:0,_RNCNvNtNtCsgBpleClnEuB_15flyby_simulator3tui8snapshot17text_frame_to_svg0B7_
FNDA:0,_RNvNtNtCsgBpleClnEuB_15flyby_simulator3tui8snapshot10xml_escape
FNDA:0,_RNvNtNtCsgBpleClnEuB_15flyby_simulator3tui8snapshot17text_frame_to_svg
FNF:11
FNH:5
DA:12,1
DA:13,1
DA:14,1
DA:15,1
DA:16,1
DA:17,1
DA:18,1
DA:19,1
DA:20,0
DA:21,0
DA:22,0
DA:23,0
DA:25,1
DA:26,1
DA:27,0
DA:28,0
DA:29,1
DA:30,1
DA:31,1
DA:32,1
DA:33,0
DA:34,0
DA:35,1
DA:36,1
DA:38,1
DA:39,1
DA:40,28
DA:41,28
DA:42,28
DA:43,28
DA:44,28
DA:45,28
DA:46,1
DA:47,1
DA:48,1
DA:51,0
DA:52,0
DA:53,0
DA:54,0
DA:55,0
DA:56,0
DA:57,0
DA:58,0
DA:59,0
DA:61,0
DA:62,0
DA:63,0
DA:64,0
DA:65,0
DA:66,0
DA:67,0
DA:68,0
DA:70,0
DA:71,0
DA:72,0
DA:74,0
DA:75,0
DA:76,0
DA:77,0
DA:78,0
DA:79,0
DA:81,0
DA:83,0
DA:84,0
DA:85,0
DA:86,0
DA:88,0
DA:89,0
DA:90,0
DA:92,0
DA:93,0
DA:94,0
DA:95,0
DA:96,0
DA:97,0
DA:98,0
DA:99,0
DA:100,0
DA:101,0
DA:102,0
DA:103,0
DA:111,1
DA:112,1
DA:113,1
DA:114,1
DA:115,1
DA:116,1
DA:117,1
DA:122,1
DA:123,1
DA:124,1
DA:125,1
BRF:0
BRH:0
LF:100
LH:40
end_of_record
SF:/Users/thanos/work/flyby/simulator/src/tui/ui.rs
FN:88,_RNvNtNtCs6vtiqiiMncD_15flyby_simulator3tui2ui10draw_clock
FN:113,_RNvNtNtCs6vtiqiiMncD_15flyby_simulator3tui2ui10draw_stats
FN:197,_RNvNtNtCs6vtiqiiMncD_15flyby_simulator3tui2ui11draw_charts
FN:168,_RNvNtNtCs6vtiqiiMncD_15flyby_simulator3tui2ui11draw_events
FN:230,_RNvNtNtCs6vtiqiiMncD_15flyby_simulator3tui2ui11draw_footer
FN:37,_RNvNtNtCs6vtiqiiMncD_15flyby_simulator3tui2ui11draw_header
FN:11,_RNvNtNtCs6vtiqiiMncD_15flyby_simulator3tui2ui4draw
FN:173,_RNCNvNtNtCs6vtiqiiMncD_15flyby_simulator3tui2ui11draw_events0B7_
FN:173,_RNCNvNtNtCsgBpleClnEuB_15flyby_simulator3tui2ui11draw_events0B7_
FN:88,_RNvNtNtCsgBpleClnEuB_15flyby_simulator3tui2ui10draw_clock
FN:113,_RNvNtNtCsgBpleClnEuB_15flyby_simulator3tui2ui10draw_stats
FN:197,_RNvNtNtCsgBpleClnEuB_15flyby_simulator3tui2ui11draw_charts
FN:168,_RNvNtNtCsgBpleClnEuB_15flyby_simulator3tui2ui11draw_events
FN:230,_RNvNtNtCsgBpleClnEuB_15flyby_simulator3tui2ui11draw_footer
FN:37,_RNvNtNtCsgBpleClnEuB_15flyby_simulator3tui2ui11draw_header
FN:11,_RNvNtNtCsgBpleClnEuB_15flyby_simulator3tui2ui4draw
FNDA:0,_RNvNtNtCs6vtiqiiMncD_15flyby_simulator3tui2ui10draw_clock
FNDA:0,_RNvNtNtCs6vtiqiiMncD_15flyby_simulator3tui2ui10draw_stats
FNDA:0,_RNvNtNtCs6vtiqiiMncD_15flyby_simulator3tui2ui11draw_charts
FNDA:0,_RNvNtNtCs6vtiqiiMncD_15flyby_simulator3tui2ui11draw_events
FNDA:0,_RNvNtNtCs6vtiqiiMncD_15flyby_simulator3tui2ui11draw_footer
FNDA:0,_RNvNtNtCs6vtiqiiMncD_15flyby_simulator3tui2ui11draw_header
FNDA:0,_RNvNtNtCs6vtiqiiMncD_15flyby_simulator3tui2ui4draw
FNDA:0,_RNCNvNtNtCs6vtiqiiMncD_15flyby_simulator3tui2ui11draw_events0B7_
FNDA:2,_RNCNvNtNtCsgBpleClnEuB_15flyby_simulator3tui2ui11draw_events0B7_
FNDA:1,_RNvNtNtCsgBpleClnEuB_15flyby_simulator3tui2ui10draw_clock
FNDA:1,_RNvNtNtCsgBpleClnEuB_15flyby_simulator3tui2ui10draw_stats
FNDA:1,_RNvNtNtCsgBpleClnEuB_15flyby_simulator3tui2ui11draw_charts
FNDA:1,_RNvNtNtCsgBpleClnEuB_15flyby_simulator3tui2ui11draw_events
FNDA:1,_RNvNtNtCsgBpleClnEuB_15flyby_simulator3tui2ui11draw_footer
FNDA:1,_RNvNtNtCsgBpleClnEuB_15flyby_simulator3tui2ui11draw_header
FNDA:1,_RNvNtNtCsgBpleClnEuB_15flyby_simulator3tui2ui4draw
FNF:8
FNH:8
DA:11,1
DA:12,1
DA:13,1
DA:14,1
DA:15,1
DA:16,1
DA:17,1
DA:18,1
DA:19,1
DA:20,1
DA:21,1
DA:23,1
DA:24,1
DA:26,1
DA:27,1
DA:28,1
DA:29,1
DA:30,1
DA:31,1
DA:33,1
DA:34,1
DA:35,1
DA:37,1
DA:38,1
DA:39,0
DA:41,0
DA:42,0
DA:43,0
DA:44,0
DA:46,1
DA:48,1
DA:49,1
DA:50,1
DA:51,1
DA:54,1
DA:55,0
DA:57,1
DA:59,1
DA:60,1
DA:62,1
DA:63,1
DA:64,1
DA:65,1
DA:67,1
DA:68,1
DA:69,1
DA:70,1
DA:71,1
DA:72,1
DA:73,1
DA:74,1
DA:75,1
DA:77,1
DA:78,1
DA:79,1
DA:80,1
DA:82,1
DA:83,1
DA:84,1
DA:86,1
DA:88,1
DA:89,1
DA:90,0
DA:92,1
DA:94,1
DA:96,1
DA:97,1
DA:101,1
DA:102,1
DA:103,1
DA:104,1
DA:105,1
DA:107,1
DA:108,1
DA:109,1
DA:110,1
DA:111,1
DA:113,1
DA:114,1
DA:115,1
DA:116,1
DA:117,1
DA:118,1
DA:119,0
DA:122,1
DA:123,1
DA:124,1
DA:126,0
DA:128,1
DA:129,1
DA:133,1
DA:137,1
DA:138,1
DA:139,1
DA:140,1
DA:143,1
DA:144,1
DA:145,1
DA:146,1
DA:148,1
DA:149,1
DA:150,1
DA:151,1
DA:152,1
DA:154,1
DA:157,1
DA:158,1
DA:159,1
DA:160,1
DA:161,1
DA:163,1
DA:164,1
DA:165,1
DA:166,1
DA:168,1
DA:169,1
DA:170,1
DA:171,1
DA:172,1
DA:173,2
DA:174,2
DA:175,0
DA:176,2
DA:177,0
DA:178,2
DA:179,0
DA:181,2
DA:183,2
DA:184,2
DA:185,1
DA:187,1
DA:188,1
DA:189,1
DA:190,1
DA:191,1
DA:193,1
DA:195,1
DA:197,1
DA:198,1
DA:199,1
DA:200,1
DA:201,1
DA:203,1
DA:204,1
DA:206,1
DA:207,1
DA:208,1
DA:209,1
DA:210,1
DA:211,1
DA:213,1
DA:214,1
DA:215,1
DA:217,1
DA:218,1
DA:219,1
DA:220,1
DA:221,1
DA:222,1
DA:224,1
DA:225,1
DA:226,1
DA:228,1
DA:230,1
DA:231,1
DA:232,1
DA:233,1
DA:234,1
DA:235,1
DA:237,1
DA:238,1
DA:239,1
DA:241,1
DA:242,1
DA:244,1
DA:245,1
DA:246,1
DA:248,1
DA:249,1
DA:251,1
DA:252,1
DA:253,1
DA:255,1
DA:256,1
DA:258,1
DA:259,1
DA:260,1
DA:262,1
DA:263,1
DA:265,1
DA:266,1
DA:267,1
DA:269,1
DA:271,1
DA:272,1
BRF:0
BRH:0
LF:196
LH:184
end_of_record